[ 2016-09-30T14:42:33+08:00 ] 192.168.1.91 /videotreat/admin.php/TreatHistory/1
ERR: 非法操作:1

[ 2016-09-30T14:42:33+08:00 ] 192.168.1.91 /videotreat/admin.php/TreatHistory/1
ERR: 非法操作:1

[ 2016-09-30T14:43:07+08:00 ] 192.168.1.91 /videotreat/admin.php/RecycleBin/restore
INFO: [ app_begin ] --START--
INFO: ReadHtmlCache Behavior ::run [ RunTime:0.000743s ]
INFO: [ app_begin ] --END-- [ RunTime:0.000877s ]
NOTIC: [8192] mysql_connect(): The mysql extension is deprecated and will be removed in the future: use mysqli or PDO instead E:\wamp\www\videotreat\library\ThinkPHP\Lib\Driver\Db\DbMysql.class.php 第 55 行.
SQL: SHOW COLUMNS FROM `hospital_info` [ RunTime:0.007232s ]
NOTIC: [8192] preg_replace(): The /e modifier is deprecated, use preg_replace_callback instead E:\wamp\www\videotreat\library\ThinkPHP\Lib\Core\Db.class.php 第 605 行.
SQL: SELECT `hospitalId`,`hospitalName` FROM `hospital_info` WHERE ( isDel=1 )  [ RunTime:0.000340s ]

[ 2016-09-30T14:43:08+08:00 ] 192.168.1.91 /videotreat/admin.php/RecycleBin/restore
INFO: [ app_begin ] --START--
INFO: ReadHtmlCache Behavior ::run [ RunTime:0.000547s ]
INFO: [ app_begin ] --END-- [ RunTime:0.000661s ]
NOTIC: [8192] mysql_connect(): The mysql extension is deprecated and will be removed in the future: use mysqli or PDO instead E:\wamp\www\videotreat\library\ThinkPHP\Lib\Driver\Db\DbMysql.class.php 第 55 行.
SQL: SHOW COLUMNS FROM `doctor_info` [ RunTime:0.005573s ]
NOTIC: [8192] preg_replace(): The /e modifier is deprecated, use preg_replace_callback instead E:\wamp\www\videotreat\library\ThinkPHP\Lib\Core\Db.class.php 第 605 行.
SQL: SELECT `doctorId`,`doctorName` FROM `doctor_info` WHERE ( isDel=1 )  [ RunTime:0.000303s ]

[ 2016-09-30T14:43:10+08:00 ] 192.168.1.91 /videotreat/admin.php/RecycleBin/restore
INFO: [ app_begin ] --START--
INFO: ReadHtmlCache Behavior ::run [ RunTime:0.001106s ]
INFO: [ app_begin ] --END-- [ RunTime:0.001333s ]
NOTIC: [8192] mysql_connect(): The mysql extension is deprecated and will be removed in the future: use mysqli or PDO instead E:\wamp\www\videotreat\library\ThinkPHP\Lib\Driver\Db\DbMysql.class.php 第 55 行.
SQL: SHOW COLUMNS FROM `hospital_info` [ RunTime:0.020593s ]
NOTIC: [8192] preg_replace(): The /e modifier is deprecated, use preg_replace_callback instead E:\wamp\www\videotreat\library\ThinkPHP\Lib\Core\Db.class.php 第 605 行.
SQL: SELECT `hospitalId`,`hospitalName` FROM `hospital_info` WHERE ( isDel=1 )  [ RunTime:0.000417s ]

[ 2016-09-30T14:43:11+08:00 ] 192.168.1.91 /videotreat/admin.php/RecycleBin/restoreHospital
INFO: [ app_begin ] --START--
INFO: ReadHtmlCache Behavior ::run [ RunTime:0.000557s ]
INFO: [ app_begin ] --END-- [ RunTime:0.000663s ]
NOTIC: [8192] mysql_connect(): The mysql extension is deprecated and will be removed in the future: use mysqli or PDO instead E:\wamp\www\videotreat\library\ThinkPHP\Lib\Driver\Db\DbMysql.class.php 第 55 行.
SQL: SHOW COLUMNS FROM `hospital_info` [ RunTime:0.006885s ]
SQL: UPDATE `hospital_info` SET `isDel`=0 WHERE ( hospitalId=1 ) [ RunTime:0.112847s ]

[ 2016-09-30T14:43:13+08:00 ] 192.168.1.91 /videotreat/admin.php/RecycleBin/restore
INFO: [ app_begin ] --START--
INFO: ReadHtmlCache Behavior ::run [ RunTime:0.000585s ]
INFO: [ app_begin ] --END-- [ RunTime:0.000699s ]
NOTIC: [8192] mysql_connect(): The mysql extension is deprecated and will be removed in the future: use mysqli or PDO instead E:\wamp\www\videotreat\library\ThinkPHP\Lib\Driver\Db\DbMysql.class.php 第 55 行.
SQL: SHOW COLUMNS FROM `hospital_info` [ RunTime:0.005555s ]
NOTIC: [8192] preg_replace(): The /e modifier is deprecated, use preg_replace_callback instead E:\wamp\www\videotreat\library\ThinkPHP\Lib\Core\Db.class.php 第 605 行.
SQL: SELECT `hospitalId`,`hospitalName` FROM `hospital_info` WHERE ( isDel=1 )  [ RunTime:0.000336s ]

