[ 2016-10-11T09:23:46+08:00 ] 192.168.1.91 /videotreat/admin.php/Login/alertHospital
INFO: [ app_begin ] --START--
INFO: ReadHtmlCache Behavior ::run [ RunTime:0.000605s ]
INFO: [ app_begin ] --END-- [ RunTime:0.000740s ]
NOTIC: [8192] mysql_connect(): The mysql extension is deprecated and will be removed in the future: use mysqli or PDO instead E:\wamp\www\videotreat\library\ThinkPHP\Lib\Driver\Db\DbMysql.class.php Á¨¨ 55 Ë°å.
SQL: SHOW COLUMNS FROM `manager_hospital` [ RunTime:0.006403s ]
NOTIC: [8192] preg_replace(): The /e modifier is deprecated, use preg_replace_callback instead E:\wamp\www\videotreat\library\ThinkPHP\Lib\Core\Db.class.php Á¨¨ 605 Ë°å.
SQL: SELECT manager_hospital.hospitalId,`hospitalName` FROM `manager_hospital` LEFT JOIN hospital_info as info on info.hospitalId=manager_hospital.hospitalId  [ RunTime:0.005184s ]

[ 2016-10-11T09:35:54+08:00 ] 192.168.1.91 /videotreat/admin.php/Login/alertHospital
INFO: [ app_begin ] --START--
INFO: ReadHtmlCache Behavior ::run [ RunTime:0.000881s ]
INFO: [ app_begin ] --END-- [ RunTime:0.001017s ]
NOTIC: [8192] mysql_connect(): The mysql extension is deprecated and will be removed in the future: use mysqli or PDO instead E:\wamp\www\videotreat\library\ThinkPHP\Lib\Driver\Db\DbMysql.class.php Á¨¨ 55 Ë°å.
SQL: SHOW COLUMNS FROM `manager_info` [ RunTime:0.007147s ]
NOTIC: [8192] preg_replace(): The /e modifier is deprecated, use preg_replace_callback instead E:\wamp\www\videotreat\library\ThinkPHP\Lib\Core\Db.class.php Á¨¨ 605 Ë°å.
SQL: SELECT `systemAdmin` FROM `manager_info` WHERE ( managerName='15010768339' ) LIMIT 1   [ RunTime:0.005940s ]
SQL: SHOW COLUMNS FROM `manager_hospital` [ RunTime:0.006997s ]
NOTIC: [8192] preg_replace(): The /e modifier is deprecated, use preg_replace_callback instead E:\wamp\www\videotreat\library\ThinkPHP\Lib\Core\Db.class.php Á¨¨ 605 Ë°å.
SQL: SELECT manager_hospital.hospitalId,`hospitalName` FROM `manager_hospital` LEFT JOIN hospital_info as info on info.hospitalId=manager_hospital.hospitalId  [ RunTime:0.006645s ]

[ 2016-10-11T09:36:33+08:00 ] 192.168.1.91 /videotreat/admin.php/Login/alertHospital
INFO: [ app_begin ] --START--
INFO: ReadHtmlCache Behavior ::run [ RunTime:0.000731s ]
INFO: [ app_begin ] --END-- [ RunTime:0.000875s ]
NOTIC: [8192] mysql_connect(): The mysql extension is deprecated and will be removed in the future: use mysqli or PDO instead E:\wamp\www\videotreat\library\ThinkPHP\Lib\Driver\Db\DbMysql.class.php Á¨¨ 55 Ë°å.
SQL: SHOW COLUMNS FROM `manager_info` [ RunTime:0.005831s ]
NOTIC: [8192] preg_replace(): The /e modifier is deprecated, use preg_replace_callback instead E:\wamp\www\videotreat\library\ThinkPHP\Lib\Core\Db.class.php Á¨¨ 605 Ë°å.
SQL: SELECT `systemAdmin` FROM `manager_info` WHERE ( managerName='15010768339' ) LIMIT 1   [ RunTime:0.005028s ]
SQL: SHOW COLUMNS FROM `manager_hospital` [ RunTime:0.008573s ]
NOTIC: [8192] preg_replace(): The /e modifier is deprecated, use preg_replace_callback instead E:\wamp\www\videotreat\library\ThinkPHP\Lib\Core\Db.class.php Á¨¨ 605 Ë°å.
SQL: SELECT manager_hospital.hospitalId,`hospitalName` FROM `manager_hospital` LEFT JOIN hospital_info as info on info.hospitalId=manager_hospital.hospitalId  [ RunTime:0.004860s ]

[ 2016-10-11T09:36:56+08:00 ] 192.168.1.91 /videotreat/admin.php/Login/alertHospital
INFO: [ app_begin ] --START--
INFO: ReadHtmlCache Behavior ::run [ RunTime:0.000508s ]
INFO: [ app_begin ] --END-- [ RunTime:0.000622s ]
NOTIC: [8192] mysql_connect(): The mysql extension is deprecated and will be removed in the future: use mysqli or PDO instead E:\wamp\www\videotreat\library\ThinkPHP\Lib\Driver\Db\DbMysql.class.php Á¨¨ 55 Ë°å.
SQL: SHOW COLUMNS FROM `manager_info` [ RunTime:0.006286s ]
NOTIC: [8192] preg_replace(): The /e modifier is deprecated, use preg_replace_callback instead E:\wamp\www\videotreat\library\ThinkPHP\Lib\Core\Db.class.php Á¨¨ 605 Ë°å.
SQL: SELECT `systemAdmin` FROM `manager_info` WHERE ( managerName='admin' ) LIMIT 1   [ RunTime:0.006506s ]

[ 2016-10-11T09:39:46+08:00 ] 192.168.1.91 /videotreat/admin.php/Login/alertHospital
INFO: [ app_begin ] --START--
INFO: ReadHtmlCache Behavior ::run [ RunTime:0.000512s ]
INFO: [ app_begin ] --END-- [ RunTime:0.000619s ]
NOTIC: [8192] mysql_connect(): The mysql extension is deprecated and will be removed in the future: use mysqli or PDO instead E:\wamp\www\videotreat\library\ThinkPHP\Lib\Driver\Db\DbMysql.class.php Á¨¨ 55 Ë°å.
SQL: SHOW COLUMNS FROM `manager_info` [ RunTime:0.006790s ]
NOTIC: [8192] preg_replace(): The /e modifier is deprecated, use preg_replace_callback instead E:\wamp\www\videotreat\library\ThinkPHP\Lib\Core\Db.class.php Á¨¨ 605 Ë°å.
SQL: SELECT `systemAdmin` FROM `manager_info` WHERE ( managerName='admin' ) LIMIT 1   [ RunTime:0.007557s ]

[ 2016-10-11T09:45:59+08:00 ] 192.168.1.91 /videotreat/admin.php/Login/alertHospital
INFO: [ app_begin ] --START--
INFO: ReadHtmlCache Behavior ::run [ RunTime:0.000605s ]
INFO: [ app_begin ] --END-- [ RunTime:0.000731s ]
NOTIC: [8192] mysql_connect(): The mysql extension is deprecated and will be removed in the future: use mysqli or PDO instead E:\wamp\www\videotreat\library\ThinkPHP\Lib\Driver\Db\DbMysql.class.php Á¨¨ 55 Ë°å.
SQL: SHOW COLUMNS FROM `manager_info` [ RunTime:0.008422s ]
NOTIC: [8192] preg_replace(): The /e modifier is deprecated, use preg_replace_callback instead E:\wamp\www\videotreat\library\ThinkPHP\Lib\Core\Db.class.php Á¨¨ 605 Ë°å.
SQL: SELECT `systemAdmin` FROM `manager_info` WHERE ( managerName='15010768339' ) LIMIT 1   [ RunTime:0.008904s ]
SQL: SHOW COLUMNS FROM `manager_hospital` [ RunTime:0.008253s ]
NOTIC: [8192] preg_replace(): The /e modifier is deprecated, use preg_replace_callback instead E:\wamp\www\videotreat\library\ThinkPHP\Lib\Core\Db.class.php Á¨¨ 605 Ë°å.
SQL: SELECT manager_hospital.hospitalId,`hospitalName` FROM `manager_hospital` LEFT JOIN hospital_info as info on info.hospitalId=manager_hospital.hospitalId  [ RunTime:0.007400s ]

[ 2016-10-11T09:46:04+08:00 ] 192.168.1.91 /videotreat/admin.php/Login/alertHospital
INFO: [ app_begin ] --START--
INFO: ReadHtmlCache Behavior ::run [ RunTime:0.000542s ]
INFO: [ app_begin ] --END-- [ RunTime:0.000649s ]
NOTIC: [8192] mysql_connect(): The mysql extension is deprecated and will be removed in the future: use mysqli or PDO instead E:\wamp\www\videotreat\library\ThinkPHP\Lib\Driver\Db\DbMysql.class.php Á¨¨ 55 Ë°å.
SQL: SHOW COLUMNS FROM `manager_info` [ RunTime:0.006325s ]
NOTIC: [8192] preg_replace(): The /e modifier is deprecated, use preg_replace_callback instead E:\wamp\www\videotreat\library\ThinkPHP\Lib\Core\Db.class.php Á¨¨ 605 Ë°å.
SQL: SELECT `systemAdmin` FROM `manager_info` WHERE ( managerName='admin' ) LIMIT 1   [ RunTime:0.006297s ]

[ 2016-10-11T09:46:12+08:00 ] 192.168.1.91 /videotreat/admin.php/Login/alertHospital
INFO: [ app_begin ] --START--
INFO: ReadHtmlCache Behavior ::run [ RunTime:0.000514s ]
INFO: [ app_begin ] --END-- [ RunTime:0.000620s ]
NOTIC: [8192] mysql_connect(): The mysql extension is deprecated and will be removed in the future: use mysqli or PDO instead E:\wamp\www\videotreat\library\ThinkPHP\Lib\Driver\Db\DbMysql.class.php Á¨¨ 55 Ë°å.
SQL: SHOW COLUMNS FROM `manager_info` [ RunTime:0.006542s ]
NOTIC: [8192] preg_replace(): The /e modifier is deprecated, use preg_replace_callback instead E:\wamp\www\videotreat\library\ThinkPHP\Lib\Core\Db.class.php Á¨¨ 605 Ë°å.
SQL: SELECT `systemAdmin` FROM `manager_info` WHERE ( managerName='admina' ) LIMIT 1   [ RunTime:0.005396s ]
SQL: SHOW COLUMNS FROM `manager_hospital` [ RunTime:0.005570s ]
NOTIC: [8192] preg_replace(): The /e modifier is deprecated, use preg_replace_callback instead E:\wamp\www\videotreat\library\ThinkPHP\Lib\Core\Db.class.php Á¨¨ 605 Ë°å.
SQL: SELECT manager_hospital.hospitalId,`hospitalName` FROM `manager_hospital` LEFT JOIN hospital_info as info on info.hospitalId=manager_hospital.hospitalId  [ RunTime:0.005972s ]

[ 2016-10-11T09:46:19+08:00 ] 192.168.1.91 /videotreat/admin.php/Login/alertHospital
INFO: [ app_begin ] --START--
INFO: ReadHtmlCache Behavior ::run [ RunTime:0.000819s ]
INFO: [ app_begin ] --END-- [ RunTime:0.000931s ]
NOTIC: [8192] mysql_connect(): The mysql extension is deprecated and will be removed in the future: use mysqli or PDO instead E:\wamp\www\videotreat\library\ThinkPHP\Lib\Driver\Db\DbMysql.class.php Á¨¨ 55 Ë°å.
SQL: SHOW COLUMNS FROM `manager_info` [ RunTime:0.005476s ]
NOTIC: [8192] preg_replace(): The /e modifier is deprecated, use preg_replace_callback instead E:\wamp\www\videotreat\library\ThinkPHP\Lib\Core\Db.class.php Á¨¨ 605 Ë°å.
SQL: SELECT `systemAdmin` FROM `manager_info` WHERE ( managerName='admin1' ) LIMIT 1   [ RunTime:0.004721s ]
SQL: SHOW COLUMNS FROM `manager_hospital` [ RunTime:0.005991s ]
NOTIC: [8192] preg_replace(): The /e modifier is deprecated, use preg_replace_callback instead E:\wamp\www\videotreat\library\ThinkPHP\Lib\Core\Db.class.php Á¨¨ 605 Ë°å.
SQL: SELECT manager_hospital.hospitalId,`hospitalName` FROM `manager_hospital` LEFT JOIN hospital_info as info on info.hospitalId=manager_hospital.hospitalId  [ RunTime:0.005494s ]

[ 2016-10-11T09:47:37+08:00 ] 192.168.1.91 /videotreat/admin.php/Login/alertHospital
INFO: [ app_begin ] --START--
INFO: ReadHtmlCache Behavior ::run [ RunTime:0.000770s ]
INFO: [ app_begin ] --END-- [ RunTime:0.000880s ]
NOTIC: [8192] mysql_connect(): The mysql extension is deprecated and will be removed in the future: use mysqli or PDO instead E:\wamp\www\videotreat\library\ThinkPHP\Lib\Driver\Db\DbMysql.class.php Á¨¨ 55 Ë°å.
SQL: SHOW COLUMNS FROM `manager_info` [ RunTime:0.006141s ]
NOTIC: [8192] preg_replace(): The /e modifier is deprecated, use preg_replace_callback instead E:\wamp\www\videotreat\library\ThinkPHP\Lib\Core\Db.class.php Á¨¨ 605 Ë°å.
SQL: SELECT `systemAdmin` FROM `manager_info` WHERE ( managerName='admin1' ) LIMIT 1   [ RunTime:0.005862s ]
SQL: SHOW COLUMNS FROM `manager_hospital` [ RunTime:0.005548s ]
NOTIC: [8192] preg_replace(): The /e modifier is deprecated, use preg_replace_callback instead E:\wamp\www\videotreat\library\ThinkPHP\Lib\Core\Db.class.php Á¨¨ 605 Ë°å.
SQL: SELECT manager_hospital.hospitalId,`hospitalName` FROM `manager_hospital` LEFT JOIN hospital_info as info on info.hospitalId=manager_hospital.hospitalId  [ RunTime:0.005563s ]

[ 2016-10-11T09:48:16+08:00 ] 192.168.1.91 /videotreat/admin.php/Login/alertHospital
INFO: [ app_begin ] --START--
INFO: ReadHtmlCache Behavior ::run [ RunTime:0.000832s ]
INFO: [ app_begin ] --END-- [ RunTime:0.000945s ]
NOTIC: [8192] mysql_connect(): The mysql extension is deprecated and will be removed in the future: use mysqli or PDO instead E:\wamp\www\videotreat\library\ThinkPHP\Lib\Driver\Db\DbMysql.class.php Á¨¨ 55 Ë°å.
SQL: SHOW COLUMNS FROM `manager_info` [ RunTime:0.006889s ]
NOTIC: [8192] preg_replace(): The /e modifier is deprecated, use preg_replace_callback instead E:\wamp\www\videotreat\library\ThinkPHP\Lib\Core\Db.class.php Á¨¨ 605 Ë°å.
SQL: SELECT `systemAdmin` FROM `manager_info` WHERE ( managerName='admin1' ) LIMIT 1   [ RunTime:0.005792s ]
SQL: SHOW COLUMNS FROM `manager_hospital` [ RunTime:0.006674s ]
NOTIC: [8192] preg_replace(): The /e modifier is deprecated, use preg_replace_callback instead E:\wamp\www\videotreat\library\ThinkPHP\Lib\Core\Db.class.php Á¨¨ 605 Ë°å.
SQL: SELECT manager_hospital.hospitalId,`hospitalName` FROM `manager_hospital` LEFT JOIN hospital_info as info on info.hospitalId=manager_hospital.hospitalId  [ RunTime:0.005797s ]

[ 2016-10-11T09:49:52+08:00 ] 192.168.1.91 /videotreat/admin.php/Login/alertHospital
INFO: [ app_begin ] --START--
INFO: ReadHtmlCache Behavior ::run [ RunTime:0.000781s ]
INFO: [ app_begin ] --END-- [ RunTime:0.000889s ]
NOTIC: [8192] mysql_connect(): The mysql extension is deprecated and will be removed in the future: use mysqli or PDO instead E:\wamp\www\videotreat\library\ThinkPHP\Lib\Driver\Db\DbMysql.class.php Á¨¨ 55 Ë°å.
SQL: SHOW COLUMNS FROM `manager_info` [ RunTime:0.014140s ]
NOTIC: [8192] preg_replace(): The /e modifier is deprecated, use preg_replace_callback instead E:\wamp\www\videotreat\library\ThinkPHP\Lib\Core\Db.class.php Á¨¨ 605 Ë°å.
SQL: SELECT `systemAdmin` FROM `manager_info` WHERE ( managerName='admin1' ) LIMIT 1   [ RunTime:0.007285s ]
SQL: SHOW COLUMNS FROM `manager_hospital` [ RunTime:0.022106s ]
NOTIC: [8192] preg_replace(): The /e modifier is deprecated, use preg_replace_callback instead E:\wamp\www\videotreat\library\ThinkPHP\Lib\Core\Db.class.php Á¨¨ 605 Ë°å.
SQL: SELECT manager_hospital.hospitalId,`hospitalName` FROM `manager_hospital` LEFT JOIN hospital_info as info on info.hospitalId=manager_hospital.hospitalId  [ RunTime:0.090310s ]

[ 2016-10-11T09:53:12+08:00 ] 192.168.1.91 /videotreat/admin.php/Login/alertHospital
INFO: [ app_begin ] --START--
INFO: ReadHtmlCache Behavior ::run [ RunTime:0.000745s ]
INFO: [ app_begin ] --END-- [ RunTime:0.000853s ]
NOTIC: [8192] mysql_connect(): The mysql extension is deprecated and will be removed in the future: use mysqli or PDO instead E:\wamp\www\videotreat\library\ThinkPHP\Lib\Driver\Db\DbMysql.class.php Á¨¨ 55 Ë°å.
SQL: SHOW COLUMNS FROM `manager_info` [ RunTime:0.006364s ]
NOTIC: [8192] preg_replace(): The /e modifier is deprecated, use preg_replace_callback instead E:\wamp\www\videotreat\library\ThinkPHP\Lib\Core\Db.class.php Á¨¨ 605 Ë°å.
SQL: SELECT `systemAdmin` FROM `manager_info` WHERE ( managerName='Èôà‰º†Âπ≥' ) LIMIT 1   [ RunTime:0.005337s ]
SQL: SHOW COLUMNS FROM `manager_hospital` [ RunTime:0.005547s ]
NOTIC: [8192] preg_replace(): The /e modifier is deprecated, use preg_replace_callback instead E:\wamp\www\videotreat\library\ThinkPHP\Lib\Core\Db.class.php Á¨¨ 605 Ë°å.
SQL: SELECT manager_hospital.hospitalId,`hospitalName` FROM `manager_hospital` LEFT JOIN hospital_info as info on info.hospitalId=manager_hospital.hospitalId  [ RunTime:0.005168s ]

[ 2016-10-11T09:54:49+08:00 ] 192.168.1.91 /videotreat/admin.php/Login/alertHospital
INFO: [ app_begin ] --START--
INFO: ReadHtmlCache Behavior ::run [ RunTime:0.000767s ]
INFO: [ app_begin ] --END-- [ RunTime:0.000884s ]
NOTIC: [8192] mysql_connect(): The mysql extension is deprecated and will be removed in the future: use mysqli or PDO instead E:\wamp\www\videotreat\library\ThinkPHP\Lib\Driver\Db\DbMysql.class.php Á¨¨ 55 Ë°å.
SQL: SHOW COLUMNS FROM `manager_info` [ RunTime:0.006472s ]
NOTIC: [8192] preg_replace(): The /e modifier is deprecated, use preg_replace_callback instead E:\wamp\www\videotreat\library\ThinkPHP\Lib\Core\Db.class.php Á¨¨ 605 Ë°å.
SQL: SELECT `systemAdmin` FROM `manager_info` WHERE ( managerName='Èôà‰º†Âπ≥' ) LIMIT 1   [ RunTime:0.005854s ]
SQL: SHOW COLUMNS FROM `manager_hospital` [ RunTime:0.006162s ]
NOTIC: [8192] preg_replace(): The /e modifier is deprecated, use preg_replace_callback instead E:\wamp\www\videotreat\library\ThinkPHP\Lib\Core\Db.class.php Á¨¨ 605 Ë°å.
SQL: SELECT manager_hospital.hospitalId,`hospitalName` FROM `manager_hospital` LEFT JOIN hospital_info as info on info.hospitalId=manager_hospital.hospitalId  [ RunTime:0.006326s ]

[ 2016-10-11T09:55:20+08:00 ] 192.168.1.91 /videotreat/admin.php/Login/alertHospital
INFO: [ app_begin ] --START--
INFO: ReadHtmlCache Behavior ::run [ RunTime:0.000750s ]
INFO: [ app_begin ] --END-- [ RunTime:0.000868s ]
NOTIC: [8192] mysql_connect(): The mysql extension is deprecated and will be removed in the future: use mysqli or PDO instead E:\wamp\www\videotreat\library\ThinkPHP\Lib\Driver\Db\DbMysql.class.php Á¨¨ 55 Ë°å.
SQL: SHOW COLUMNS FROM `manager_info` [ RunTime:0.008002s ]
NOTIC: [8192] preg_replace(): The /e modifier is deprecated, use preg_replace_callback instead E:\wamp\www\videotreat\library\ThinkPHP\Lib\Core\Db.class.php Á¨¨ 605 Ë°å.
SQL: SELECT `systemAdmin` FROM `manager_info` WHERE ( managerName='Èôà‰º†Âπ≥' ) LIMIT 1   [ RunTime:0.009503s ]
SQL: SHOW COLUMNS FROM `manager_hospital` [ RunTime:0.009880s ]
NOTIC: [8192] preg_replace(): The /e modifier is deprecated, use preg_replace_callback instead E:\wamp\www\videotreat\library\ThinkPHP\Lib\Core\Db.class.php Á¨¨ 605 Ë°å.
SQL: SELECT manager_hospital.hospitalId,`hospitalName` FROM `manager_hospital` LEFT JOIN hospital_info as info on info.hospitalId=manager_hospital.hospitalId  [ RunTime:0.006114s ]

[ 2016-10-11T10:09:45+08:00 ] 192.168.1.91 /videotreat/admin.php/Login/alertHospital
INFO: [ app_begin ] --START--
INFO: ReadHtmlCache Behavior ::run [ RunTime:0.000883s ]
INFO: [ app_begin ] --END-- [ RunTime:0.001015s ]
NOTIC: [8192] mysql_connect(): The mysql extension is deprecated and will be removed in the future: use mysqli or PDO instead E:\wamp\www\videotreat\library\ThinkPHP\Lib\Driver\Db\DbMysql.class.php Á¨¨ 55 Ë°å.
SQL: SHOW COLUMNS FROM `manager_info` [ RunTime:0.005534s ]
NOTIC: [8192] preg_replace(): The /e modifier is deprecated, use preg_replace_callback instead E:\wamp\www\videotreat\library\ThinkPHP\Lib\Core\Db.class.php Á¨¨ 605 Ë°å.
SQL: SELECT `systemAdmin` FROM `manager_info` WHERE ( managerName='Èôà‰º†Âπ≥' ) LIMIT 1   [ RunTime:0.005056s ]
SQL: SHOW COLUMNS FROM `manager_hospital` [ RunTime:0.005541s ]
NOTIC: [8192] preg_replace(): The /e modifier is deprecated, use preg_replace_callback instead E:\wamp\www\videotreat\library\ThinkPHP\Lib\Core\Db.class.php Á¨¨ 605 Ë°å.
SQL: SELECT manager_hospital.hospitalId,`hospitalName` FROM `manager_hospital` LEFT JOIN hospital_info as info on info.hospitalId=manager_hospital.hospitalId  [ RunTime:0.007086s ]

[ 2016-10-11T10:11:14+08:00 ] 192.168.1.91 /videotreat/admin.php/Login/alertHospital
INFO: [ app_begin ] --START--
INFO: ReadHtmlCache Behavior ::run [ RunTime:0.000948s ]
INFO: [ app_begin ] --END-- [ RunTime:0.001079s ]
NOTIC: [8192] mysql_connect(): The mysql extension is deprecated and will be removed in the future: use mysqli or PDO instead E:\wamp\www\videotreat\library\ThinkPHP\Lib\Driver\Db\DbMysql.class.php Á¨¨ 55 Ë°å.
SQL: SHOW COLUMNS FROM `manager_info` [ RunTime:0.006987s ]
NOTIC: [8192] preg_replace(): The /e modifier is deprecated, use preg_replace_callback instead E:\wamp\www\videotreat\library\ThinkPHP\Lib\Core\Db.class.php Á¨¨ 605 Ë°å.
SQL: SELECT `systemAdmin` FROM `manager_info` WHERE ( managerName='Èôà‰º†Âπ≥' ) LIMIT 1   [ RunTime:0.007646s ]
SQL: SHOW COLUMNS FROM `manager_hospital` [ RunTime:0.006073s ]
NOTIC: [8192] preg_replace(): The /e modifier is deprecated, use preg_replace_callback instead E:\wamp\www\videotreat\library\ThinkPHP\Lib\Core\Db.class.php Á¨¨ 605 Ë°å.
SQL: SELECT manager_hospital.hospitalId,`hospitalName` FROM `manager_hospital` LEFT JOIN hospital_info as info on info.hospitalId=manager_hospital.hospitalId  [ RunTime:0.005553s ]

[ 2016-10-11T10:11:46+08:00 ] 192.168.1.91 /videotreat/admin.php/Login/alertHospital
INFO: [ app_begin ] --START--
INFO: ReadHtmlCache Behavior ::run [ RunTime:0.000787s ]
INFO: [ app_begin ] --END-- [ RunTime:0.001018s ]
NOTIC: [8192] mysql_connect(): The mysql extension is deprecated and will be removed in the future: use mysqli or PDO instead E:\wamp\www\videotreat\library\ThinkPHP\Lib\Driver\Db\DbMysql.class.php Á¨¨ 55 Ë°å.
SQL: SHOW COLUMNS FROM `manager_info` [ RunTime:0.006191s ]
NOTIC: [8192] preg_replace(): The /e modifier is deprecated, use preg_replace_callback instead E:\wamp\www\videotreat\library\ThinkPHP\Lib\Core\Db.class.php Á¨¨ 605 Ë°å.
SQL: SELECT `systemAdmin` FROM `manager_info` WHERE ( managerName='Èôà‰º†Âπ≥' ) LIMIT 1   [ RunTime:0.007468s ]
SQL: SHOW COLUMNS FROM `manager_hospital` [ RunTime:0.005942s ]
NOTIC: [8192] preg_replace(): The /e modifier is deprecated, use preg_replace_callback instead E:\wamp\www\videotreat\library\ThinkPHP\Lib\Core\Db.class.php Á¨¨ 605 Ë°å.
SQL: SELECT manager_hospital.hospitalId,`hospitalName` FROM `manager_hospital` LEFT JOIN hospital_info as info on info.hospitalId=manager_hospital.hospitalId  [ RunTime:0.013322s ]

[ 2016-10-11T10:12:45+08:00 ] 192.168.1.91 /videotreat/admin.php/Login/alertHospital
INFO: [ app_begin ] --START--
INFO: ReadHtmlCache Behavior ::run [ RunTime:0.000508s ]
INFO: [ app_begin ] --END-- [ RunTime:0.000616s ]
NOTIC: [8192] mysql_connect(): The mysql extension is deprecated and will be removed in the future: use mysqli or PDO instead E:\wamp\www\videotreat\library\ThinkPHP\Lib\Driver\Db\DbMysql.class.php Á¨¨ 55 Ë°å.
SQL: SHOW COLUMNS FROM `manager_info` [ RunTime:0.006577s ]
NOTIC: [8192] preg_replace(): The /e modifier is deprecated, use preg_replace_callback instead E:\wamp\www\videotreat\library\ThinkPHP\Lib\Core\Db.class.php Á¨¨ 605 Ë°å.
SQL: SELECT `systemAdmin` FROM `manager_info` WHERE ( managerName='Èôà‰º†Âπ≥' ) LIMIT 1   [ RunTime:0.006358s ]
SQL: SHOW COLUMNS FROM `manager_hospital` [ RunTime:0.005612s ]
NOTIC: [8192] preg_replace(): The /e modifier is deprecated, use preg_replace_callback instead E:\wamp\www\videotreat\library\ThinkPHP\Lib\Core\Db.class.php Á¨¨ 605 Ë°å.
SQL: SELECT manager_hospital.hospitalId,`hospitalName` FROM `manager_hospital` LEFT JOIN hospital_info as info on info.hospitalId=manager_hospital.hospitalId  [ RunTime:0.005578s ]

[ 2016-10-11T10:14:27+08:00 ] 192.168.1.91 /videotreat/admin.php/Login/alertHospital
INFO: [ app_begin ] --START--
INFO: ReadHtmlCache Behavior ::run [ RunTime:0.000515s ]
INFO: [ app_begin ] --END-- [ RunTime:0.000631s ]
NOTIC: [8192] mysql_connect(): The mysql extension is deprecated and will be removed in the future: use mysqli or PDO instead E:\wamp\www\videotreat\library\ThinkPHP\Lib\Driver\Db\DbMysql.class.php Á¨¨ 55 Ë°å.
SQL: SHOW COLUMNS FROM `manager_info` [ RunTime:0.011232s ]
NOTIC: [8192] preg_replace(): The /e modifier is deprecated, use preg_replace_callback instead E:\wamp\www\videotreat\library\ThinkPHP\Lib\Core\Db.class.php Á¨¨ 605 Ë°å.
SQL: SELECT `systemAdmin` FROM `manager_info` WHERE ( managerName='Èôà‰º†Âπ≥' ) LIMIT 1   [ RunTime:0.006075s ]
SQL: SHOW COLUMNS FROM `manager_hospital` [ RunTime:0.006194s ]
NOTIC: [8192] preg_replace(): The /e modifier is deprecated, use preg_replace_callback instead E:\wamp\www\videotreat\library\ThinkPHP\Lib\Core\Db.class.php Á¨¨ 605 Ë°å.
SQL: SELECT manager_hospital.hospitalId,`hospitalName` FROM `manager_hospital` LEFT JOIN hospital_info as info on info.hospitalId=manager_hospital.hospitalId  [ RunTime:0.006309s ]

[ 2016-10-11T11:00:16+08:00 ] 192.168.1.91 /videotreat/admin.php/TreatHistory/1
ERR: ÈùûÊ≥ïÊìç‰Ωú:1

[ 2016-10-11T11:00:16+08:00 ] 192.168.1.91 /videotreat/admin.php/TreatHistory/1
ERR: ÈùûÊ≥ïÊìç‰Ωú:1

[ 2016-10-11T11:02:47+08:00 ] 192.168.1.91 /videotreat/admin.php/TreatHistory/1
ERR: ÈùûÊ≥ïÊìç‰Ωú:1

[ 2016-10-11T11:02:47+08:00 ] 192.168.1.91 /videotreat/admin.php/TreatHistory/1
ERR: ÈùûÊ≥ïÊìç‰Ωú:1

[ 2016-10-11T11:03:28+08:00 ] 192.168.1.91 /videotreat/admin.php/TreatHistory/1
ERR: ÈùûÊ≥ïÊìç‰Ωú:1

[ 2016-10-11T11:03:28+08:00 ] 192.168.1.91 /videotreat/admin.php/TreatHistory/1
ERR: ÈùûÊ≥ïÊìç‰Ωú:1

[ 2016-10-11T11:03:58+08:00 ] 192.168.1.91 /videotreat/admin.php/TreatHistory/index
ERR: ”…”⁄¡¨Ω”∑Ω‘⁄“ª∂Œ ±º‰∫Û√ª”–’˝»∑¥∏¥ªÚ¡¨Ω”µƒ÷˜ª˙√ª”–∑¥”¶£¨¡¨Ω”≥¢ ‘ ß∞‹°£


[ 2016-10-11T11:04:27+08:00 ] 192.168.1.91 /videotreat/admin.php/TreatHistory/index
ERR: ”…”⁄¡¨Ω”∑Ω‘⁄“ª∂Œ ±º‰∫Û√ª”–’˝»∑¥∏¥ªÚ¡¨Ω”µƒ÷˜ª˙√ª”–∑¥”¶£¨¡¨Ω”≥¢ ‘ ß∞‹°£


[ 2016-10-11T11:05:44+08:00 ] 192.168.1.91 /videotreat/admin.php/RecycleBin/restore
INFO: [ app_begin ] --START--
INFO: ReadHtmlCache Behavior ::run [ RunTime:0.000644s ]
INFO: [ app_begin ] --END-- [ RunTime:0.000783s ]
NOTIC: [8192] mysql_connect(): The mysql extension is deprecated and will be removed in the future: use mysqli or PDO instead E:\wamp\www\videotreat\library\ThinkPHP\Lib\Driver\Db\DbMysql.class.php Á¨¨ 55 Ë°å.
SQL: SHOW COLUMNS FROM `hospital_info` [ RunTime:0.008913s ]
NOTIC: [8192] preg_replace(): The /e modifier is deprecated, use preg_replace_callback instead E:\wamp\www\videotreat\library\ThinkPHP\Lib\Core\Db.class.php Á¨¨ 605 Ë°å.
SQL: SELECT `hospitalId`,`hospitalName` FROM `hospital_info` WHERE ( isDel=1 )  [ RunTime:0.006038s ]

[ 2016-10-11T11:05:49+08:00 ] 192.168.1.91 /videotreat/admin.php/RecycleBin/restoreHospital
INFO: [ app_begin ] --START--
INFO: ReadHtmlCache Behavior ::run [ RunTime:0.000771s ]
INFO: [ app_begin ] --END-- [ RunTime:0.000962s ]
NOTIC: [8192] mysql_connect(): The mysql extension is deprecated and will be removed in the future: use mysqli or PDO instead E:\wamp\www\videotreat\library\ThinkPHP\Lib\Driver\Db\DbMysql.class.php Á¨¨ 55 Ë°å.
SQL: SHOW COLUMNS FROM `hospital_info` [ RunTime:0.007322s ]
SQL: UPDATE `hospital_info` SET `isDel`=0 WHERE ( hospitalId=1 ) [ RunTime:0.008561s ]
NOTIC: [8192] preg_replace(): The /e modifier is deprecated, use preg_replace_callback instead E:\wamp\www\videotreat\library\ThinkPHP\Lib\Core\Db.class.php Á¨¨ 605 Ë°å.
SQL: SELECT `hospitalName` FROM `hospital_info` WHERE ( hospitalId=1 ) LIMIT 1   [ RunTime:0.006545s ]
SQL: SHOW COLUMNS FROM `manager_log` [ RunTime:0.007693s ]
SQL: INSERT INTO `manager_log` (`managerId`,`operationId`,`operationContent`) VALUES (1,5,'ÊÅ¢Â§ç‰∫ÜÂåªÈô¢ÔºöÂåó‰∫¨ÊÄªÂåªÈô¢') [ RunTime:0.006684s ]
ERR: 1452:Cannot add or update a child row: a foreign key constraint fails (`videotreat_test`.`manager_log`, CONSTRAINT `manager_log_ibfk_2` FOREIGN KEY (`operationId`) REFERENCES `operation_type` (`operationId`))
 [ SQLËØ≠Âè• ] : INSERT INTO `manager_log` (`managerId`,`operationId`,`operationContent`) VALUES (1,5,'ÊÅ¢Â§ç‰∫ÜÂåªÈô¢ÔºöÂåó‰∫¨ÊÄªÂåªÈô¢')

[ 2016-10-11T11:05:52+08:00 ] 192.168.1.91 /videotreat/admin.php/RecycleBin/restore
INFO: [ app_begin ] --START--
INFO: ReadHtmlCache Behavior ::run [ RunTime:0.000510s ]
INFO: [ app_begin ] --END-- [ RunTime:0.000619s ]
NOTIC: [8192] mysql_connect(): The mysql extension is deprecated and will be removed in the future: use mysqli or PDO instead E:\wamp\www\videotreat\library\ThinkPHP\Lib\Driver\Db\DbMysql.class.php Á¨¨ 55 Ë°å.
SQL: SHOW COLUMNS FROM `hospital_info` [ RunTime:0.006494s ]
NOTIC: [8192] preg_replace(): The /e modifier is deprecated, use preg_replace_callback instead E:\wamp\www\videotreat\library\ThinkPHP\Lib\Core\Db.class.php Á¨¨ 605 Ë°å.
SQL: SELECT `hospitalId`,`hospitalName` FROM `hospital_info` WHERE ( isDel=1 )  [ RunTime:0.005680s ]

[ 2016-10-11T11:17:28+08:00 ] 192.168.1.91 /videotreat/admin.php/TreatHistory/1
ERR: ÈùûÊ≥ïÊìç‰Ωú:1

[ 2016-10-11T11:17:29+08:00 ] 192.168.1.91 /videotreat/admin.php/TreatHistory/1
ERR: ÈùûÊ≥ïÊìç‰Ωú:1

[ 2016-10-11T11:17:31+08:00 ] 192.168.1.91 /videotreat/admin.php/RecycleBin/restore
INFO: [ app_begin ] --START--
INFO: ReadHtmlCache Behavior ::run [ RunTime:0.000599s ]
INFO: [ app_begin ] --END-- [ RunTime:0.000739s ]
NOTIC: [8192] mysql_connect(): The mysql extension is deprecated and will be removed in the future: use mysqli or PDO instead E:\wamp\www\videotreat\library\ThinkPHP\Lib\Driver\Db\DbMysql.class.php Á¨¨ 55 Ë°å.
SQL: SHOW COLUMNS FROM `doctor_info` [ RunTime:0.010095s ]
NOTIC: [8192] preg_replace(): The /e modifier is deprecated, use preg_replace_callback instead E:\wamp\www\videotreat\library\ThinkPHP\Lib\Core\Db.class.php Á¨¨ 605 Ë°å.
SQL: SELECT `doctorId`,`doctorName` FROM `doctor_info` WHERE ( isDel=1 )  [ RunTime:0.006349s ]

[ 2016-10-11T11:17:32+08:00 ] 192.168.1.91 /videotreat/admin.php/RecycleBin/restore
INFO: [ app_begin ] --START--
INFO: ReadHtmlCache Behavior ::run [ RunTime:0.000614s ]
INFO: [ app_begin ] --END-- [ RunTime:0.000746s ]
NOTIC: [8192] mysql_connect(): The mysql extension is deprecated and will be removed in the future: use mysqli or PDO instead E:\wamp\www\videotreat\library\ThinkPHP\Lib\Driver\Db\DbMysql.class.php Á¨¨ 55 Ë°å.
SQL: SHOW COLUMNS FROM `hospital_info` [ RunTime:0.007840s ]
NOTIC: [8192] preg_replace(): The /e modifier is deprecated, use preg_replace_callback instead E:\wamp\www\videotreat\library\ThinkPHP\Lib\Core\Db.class.php Á¨¨ 605 Ë°å.
SQL: SELECT `hospitalId`,`hospitalName` FROM `hospital_info` WHERE ( isDel=1 )  [ RunTime:0.006092s ]

[ 2016-10-11T11:19:14+08:00 ] 192.168.1.91 /videotreat/admin.php/RecycleBin/restore
INFO: [ app_begin ] --START--
INFO: ReadHtmlCache Behavior ::run [ RunTime:0.000489s ]
INFO: [ app_begin ] --END-- [ RunTime:0.000601s ]
NOTIC: [8192] mysql_connect(): The mysql extension is deprecated and will be removed in the future: use mysqli or PDO instead E:\wamp\www\videotreat\library\ThinkPHP\Lib\Driver\Db\DbMysql.class.php Á¨¨ 55 Ë°å.
SQL: SHOW COLUMNS FROM `doctor_info` [ RunTime:0.007523s ]
NOTIC: [8192] preg_replace(): The /e modifier is deprecated, use preg_replace_callback instead E:\wamp\www\videotreat\library\ThinkPHP\Lib\Core\Db.class.php Á¨¨ 605 Ë°å.
SQL: SELECT `doctorId`,`doctorName` FROM `doctor_info` WHERE ( isDel=1 )  [ RunTime:0.006355s ]

[ 2016-10-11T11:19:15+08:00 ] 192.168.1.91 /videotreat/admin.php/RecycleBin/restoreDoctor
INFO: [ app_begin ] --START--
INFO: ReadHtmlCache Behavior ::run [ RunTime:0.000520s ]
INFO: [ app_begin ] --END-- [ RunTime:0.000627s ]
NOTIC: [8192] mysql_connect(): The mysql extension is deprecated and will be removed in the future: use mysqli or PDO instead E:\wamp\www\videotreat\library\ThinkPHP\Lib\Driver\Db\DbMysql.class.php Á¨¨ 55 Ë°å.
SQL: SHOW COLUMNS FROM `doctor_info` [ RunTime:0.007321s ]
SQL: UPDATE `doctor_info` SET `isDel`=0 WHERE ( doctorId=1 ) [ RunTime:0.007295s ]
NOTIC: [8192] preg_replace(): The /e modifier is deprecated, use preg_replace_callback instead E:\wamp\www\videotreat\library\ThinkPHP\Lib\Core\Db.class.php Á¨¨ 605 Ë°å.
SQL: SELECT `doctorName` FROM `doctor_info` WHERE ( doctorId=1 ) LIMIT 1   [ RunTime:0.005827s ]
SQL: SHOW COLUMNS FROM `manager_log` [ RunTime:0.006518s ]
SQL: INSERT INTO `manager_log` (`managerId`,`operationId`,`operationContent`) VALUES (1,5,'ÊÅ¢Â§ç‰∫ÜÂåªÁîüÔºö‰Ωï‰∏áÂùá') [ RunTime:0.009175s ]
ERR: 1452:Cannot add or update a child row: a foreign key constraint fails (`videotreat_test`.`manager_log`, CONSTRAINT `manager_log_ibfk_2` FOREIGN KEY (`operationId`) REFERENCES `operation_type` (`operationId`))
 [ SQLËØ≠Âè• ] : INSERT INTO `manager_log` (`managerId`,`operationId`,`operationContent`) VALUES (1,5,'ÊÅ¢Â§ç‰∫ÜÂåªÁîüÔºö‰Ωï‰∏áÂùá')

[ 2016-10-11T11:19:17+08:00 ] 192.168.1.91 /videotreat/admin.php/RecycleBin/restore
INFO: [ app_begin ] --START--
INFO: ReadHtmlCache Behavior ::run [ RunTime:0.000513s ]
INFO: [ app_begin ] --END-- [ RunTime:0.000619s ]
NOTIC: [8192] mysql_connect(): The mysql extension is deprecated and will be removed in the future: use mysqli or PDO instead E:\wamp\www\videotreat\library\ThinkPHP\Lib\Driver\Db\DbMysql.class.php Á¨¨ 55 Ë°å.
SQL: SHOW COLUMNS FROM `doctor_info` [ RunTime:0.008572s ]
NOTIC: [8192] preg_replace(): The /e modifier is deprecated, use preg_replace_callback instead E:\wamp\www\videotreat\library\ThinkPHP\Lib\Core\Db.class.php Á¨¨ 605 Ë°å.
SQL: SELECT `doctorId`,`doctorName` FROM `doctor_info` WHERE ( isDel=1 )  [ RunTime:0.007531s ]

