Send POST https://api.jpush.cn/v3/push, body:{"platform":["ios","android"],"audience":{"registration_id":["140fe1da9ea3de62edb"]},"notification":{"android":{"alert":"\u60a8\u597d\uff0c\u6709\u533b\u751f\u5728\u547c\u53eb\u60a8\uff01","title":"\u4e91\u533b\u89c6\u8baf","extras":{"userId":"3"}},"ios":{"alert":"\u60a8\u597d\uff0c\u6709\u533b\u751f\u5728\u547c\u53eb\u60a8\uff01","sound":"default","badge":"+1","extras":{"userId":"3"}}},"options":{"apns_production":false}}, times:1
Send GET https://report.jpush.cn/v3/received?msg_ids=140fe1da9ea3de62edb, body:, times:1
Send POST https://api.jpush.cn/v3/push, body:{"platform":["ios","android"],"audience":{"registration_id":["140fe1da9ea3de62edb"]},"notification":{"android":{"alert":"\u60a8\u597d\uff0c\u6709\u533b\u751f\u5728\u547c\u53eb\u60a8\uff01","title":"\u4e91\u533b\u89c6\u8baf","extras":{"userId":"3"}},"ios":{"alert":"\u60a8\u597d\uff0c\u6709\u533b\u751f\u5728\u547c\u53eb\u60a8\uff01","sound":"default","badge":"+1","extras":{"userId":"3"}}},"options":{"apns_production":false}}, times:1
Send GET https://report.jpush.cn/v3/received?msg_ids=140fe1da9ea3de62edb, body:, times:1
Send POST https://api.jpush.cn/v3/push, body:{"platform":["ios","android"],"audience":{"registration_id":["140fe1da9ea3de62edb"]},"notification":{"android":{"alert":"\u60a8\u597d\uff0c\u6709\u533b\u751f\u5728\u547c\u53eb\u60a8\uff01","title":"\u4e91\u533b\u89c6\u8baf","extras":{"userId":"3"}},"ios":{"alert":"\u60a8\u597d\uff0c\u6709\u533b\u751f\u5728\u547c\u53eb\u60a8\uff01","sound":"default","badge":"+1","extras":{"userId":"3"}}},"options":{"apns_production":false}}, times:1
Send GET https://report.jpush.cn/v3/received?msg_ids=140fe1da9ea3de62edb, body:, times:1
Send POST https://api.jpush.cn/v3/push, body:{"platform":["ios","android"],"audience":{"registration_id":["190e35f7e04ce12ea69"]},"notification":{"android":{"alert":"\u60a8\u597d\uff0c\u6709\u533b\u751f\u5728\u547c\u53eb\u60a8\uff01","title":"\u4e91\u533b\u89c6\u8baf","extras":{"userId":"4"}},"ios":{"alert":"\u60a8\u597d\uff0c\u6709\u533b\u751f\u5728\u547c\u53eb\u60a8\uff01","sound":"default","badge":"+1","extras":{"userId":"4"}}},"options":{"apns_production":false}}, times:1
Send GET https://report.jpush.cn/v3/received?msg_ids=190e35f7e04ce12ea69, body:, times:1
Send POST https://api.jpush.cn/v3/push, body:{"platform":["ios","android"],"audience":{"registration_id":["190e35f7e04ce12ea69"]},"notification":{"android":{"alert":"\u60a8\u597d\uff0c\u6709\u533b\u751f\u5728\u547c\u53eb\u60a8\uff01","title":"\u4e91\u533b\u89c6\u8baf","extras":{"userId":"4"}},"ios":{"alert":"\u60a8\u597d\uff0c\u6709\u533b\u751f\u5728\u547c\u53eb\u60a8\uff01","sound":"default","badge":"+1","extras":{"userId":"4"}}},"options":{"apns_production":false}}, times:1
Send GET https://report.jpush.cn/v3/received?msg_ids=190e35f7e04ce12ea69, body:, times:1
Send POST https://api.jpush.cn/v3/push, body:{"platform":["ios","android"],"audience":{"registration_id":["190e35f7e04ce12ea69"]},"notification":{"android":{"alert":"\u60a8\u597d\uff0c\u6709\u533b\u751f\u5728\u547c\u53eb\u60a8\uff01","title":"\u4e91\u533b\u89c6\u8baf","extras":{"userId":"4"}},"ios":{"alert":"\u60a8\u597d\uff0c\u6709\u533b\u751f\u5728\u547c\u53eb\u60a8\uff01","sound":"default","badge":"+1","extras":{"userId":"4"}}},"options":{"apns_production":false}}, times:1
Send GET https://report.jpush.cn/v3/received?msg_ids=190e35f7e04ce12ea69, body:, times:1
Send POST https://api.jpush.cn/v3/push, body:{"platform":["ios","android"],"audience":{"registration_id":["190e35f7e04ce12ea69"]},"notification":{"android":{"alert":"\u60a8\u597d\uff0c\u6709\u533b\u751f\u5728\u547c\u53eb\u60a8\uff01","title":"\u4e91\u533b\u89c6\u8baf","extras":{"userId":"4"}},"ios":{"alert":"\u60a8\u597d\uff0c\u6709\u533b\u751f\u5728\u547c\u53eb\u60a8\uff01","sound":"default","badge":"+1","extras":{"userId":"4"}}},"options":{"apns_production":false}}, times:1
Send GET https://report.jpush.cn/v3/received?msg_ids=190e35f7e04ce12ea69, body:, times:1
Send POST https://api.jpush.cn/v3/push, body:{"platform":["ios","android"],"audience":{"registration_id":["190e35f7e04ce12ea69"]},"notification":{"android":{"alert":"\u60a8\u597d\uff0c\u6709\u533b\u751f\u5728\u547c\u53eb\u60a8\uff01","title":"\u4e91\u533b\u89c6\u8baf","extras":{"userId":"4"}},"ios":{"alert":"\u60a8\u597d\uff0c\u6709\u533b\u751f\u5728\u547c\u53eb\u60a8\uff01","sound":"default","badge":"+1","extras":{"userId":"4"}}},"options":{"apns_production":false}}, times:1
Send GET https://report.jpush.cn/v3/received?msg_ids=190e35f7e04ce12ea69, body:, times:1
Send POST https://api.jpush.cn/v3/push, body:{"platform":["ios","android"],"audience":{"registration_id":["190e35f7e04ce12ea69"]},"notification":{"android":{"alert":"\u60a8\u597d\uff0c\u6709\u533b\u751f\u5728\u547c\u53eb\u60a8\uff01","title":"\u4e91\u533b\u89c6\u8baf","extras":{"userId":"4"}},"ios":{"alert":"\u60a8\u597d\uff0c\u6709\u533b\u751f\u5728\u547c\u53eb\u60a8\uff01","sound":"default","badge":"+1","extras":{"userId":"4"}}},"options":{"apns_production":false}}, times:1
Send GET https://report.jpush.cn/v3/received?msg_ids=190e35f7e04ce12ea69, body:, times:1
Send POST https://api.jpush.cn/v3/push, body:{"platform":["ios","android"],"audience":{"registration_id":["190e35f7e04ce12ea69"]},"notification":{"android":{"alert":"\u60a8\u597d\uff0c\u6709\u533b\u751f\u5728\u547c\u53eb\u60a8\uff01","title":"\u4e91\u533b\u89c6\u8baf","extras":{"userId":"4"}},"ios":{"alert":"\u60a8\u597d\uff0c\u6709\u533b\u751f\u5728\u547c\u53eb\u60a8\uff01","sound":"default","badge":"+1","extras":{"userId":"4"}}},"options":{"apns_production":false}}, times:1
Send GET https://report.jpush.cn/v3/received?msg_ids=190e35f7e04ce12ea69, body:, times:1
Send POST https://api.jpush.cn/v3/push, body:{"platform":["ios","android"],"audience":{"registration_id":["190e35f7e04ce12ea69"]},"notification":{"android":{"alert":"\u60a8\u597d\uff0c\u6709\u533b\u751f\u5728\u547c\u53eb\u60a8\uff01","title":"\u4e91\u533b\u89c6\u8baf","extras":{"userId":"4"}},"ios":{"alert":"\u60a8\u597d\uff0c\u6709\u533b\u751f\u5728\u547c\u53eb\u60a8\uff01","sound":"default","badge":"+1","extras":{"userId":"4"}}},"options":{"apns_production":false}}, times:1
Send GET https://report.jpush.cn/v3/received?msg_ids=190e35f7e04ce12ea69, body:, times:1
Send POST https://api.jpush.cn/v3/push, body:{"platform":["ios","android"],"audience":{"registration_id":["190e35f7e04ce12ea69"]},"notification":{"android":{"alert":"\u60a8\u597d\uff0c\u6709\u533b\u751f\u5728\u547c\u53eb\u60a8\uff01","title":"\u4e91\u533b\u89c6\u8baf","extras":{"userId":"4"}},"ios":{"alert":"\u60a8\u597d\uff0c\u6709\u533b\u751f\u5728\u547c\u53eb\u60a8\uff01","sound":"default","badge":"+1","extras":{"userId":"4"}}},"options":{"apns_production":false}}, times:1
Send GET https://report.jpush.cn/v3/received?msg_ids=190e35f7e04ce12ea69, body:, times:1
Send POST https://api.jpush.cn/v3/push, body:{"platform":["ios","android"],"audience":{"registration_id":["190e35f7e04ce12ea69"]},"notification":{"android":{"alert":"\u60a8\u597d\uff0c\u6709\u533b\u751f\u5728\u547c\u53eb\u60a8\uff01","title":"\u4e91\u533b\u89c6\u8baf","extras":{"userId":"4"}},"ios":{"alert":"\u60a8\u597d\uff0c\u6709\u533b\u751f\u5728\u547c\u53eb\u60a8\uff01","sound":"default","badge":"+1","extras":{"userId":"4"}}},"options":{"apns_production":false}}, times:1
Send GET https://report.jpush.cn/v3/received?msg_ids=190e35f7e04ce12ea69, body:, times:1
Send GET https://report.jpush.cn/v3/received?msg_ids=190e35f7e04ce12ea69, body:, times:2
Send GET https://report.jpush.cn/v3/received?msg_ids=190e35f7e04ce12ea69, body:, times:3
Send POST https://api.jpush.cn/v3/push, body:{"platform":["ios","android"],"audience":{"registration_id":["190e35f7e04ce12ea69"]},"notification":{"android":{"alert":"\u60a8\u597d\uff0c\u6709\u533b\u751f\u5728\u547c\u53eb\u60a8\uff01","title":"\u4e91\u533b\u89c6\u8baf","extras":{"userId":"4"}},"ios":{"alert":"\u60a8\u597d\uff0c\u6709\u533b\u751f\u5728\u547c\u53eb\u60a8\uff01","sound":"default","badge":"+1","extras":{"userId":"4"}}},"options":{"apns_production":false}}, times:1
Send GET https://report.jpush.cn/v3/received?msg_ids=190e35f7e04ce12ea69, body:, times:1
Send GET https://report.jpush.cn/v3/received?msg_ids=190e35f7e04ce12ea69, body:, times:2
Send POST https://api.jpush.cn/v3/push, body:{"platform":["ios","android"],"audience":{"registration_id":["190e35f7e04ce12ea69"]},"notification":{"android":{"alert":"\u60a8\u597d\uff0c\u6709\u533b\u751f\u5728\u547c\u53eb\u60a8\uff01","title":"\u4e91\u533b\u89c6\u8baf","extras":{"userId":"4"}},"ios":{"alert":"\u60a8\u597d\uff0c\u6709\u533b\u751f\u5728\u547c\u53eb\u60a8\uff01","sound":"default","badge":"+1","extras":{"userId":"4"}}},"options":{"apns_production":false}}, times:1
Send GET https://report.jpush.cn/v3/received?msg_ids=190e35f7e04ce12ea69, body:, times:1
Send GET https://report.jpush.cn/v3/received?msg_ids=190e35f7e04ce12ea69, body:, times:2
Send POST https://api.jpush.cn/v3/push, body:{"platform":["ios","android"],"audience":{"registration_id":["190e35f7e04ce12ea69"]},"notification":{"android":{"alert":"\u60a8\u597d\uff0c\u6709\u533b\u751f\u5728\u547c\u53eb\u60a8\uff01","title":"\u4e91\u533b\u89c6\u8baf","extras":{"userId":"4"}},"ios":{"alert":"\u60a8\u597d\uff0c\u6709\u533b\u751f\u5728\u547c\u53eb\u60a8\uff01","sound":"default","badge":"+1","extras":{"userId":"4"}}},"options":{"apns_production":false}}, times:1
Send GET https://report.jpush.cn/v3/received?msg_ids=190e35f7e04ce12ea69, body:, times:1
Send POST https://api.jpush.cn/v3/push, body:{"platform":["ios","android"],"audience":{"registration_id":["190e35f7e04ce12ea69"]},"notification":{"android":{"alert":"\u60a8\u597d\uff0c\u6709\u533b\u751f\u5728\u547c\u53eb\u60a8\uff01","title":"\u4e91\u533b\u89c6\u8baf","extras":{"userId":"4"}},"ios":{"alert":"\u60a8\u597d\uff0c\u6709\u533b\u751f\u5728\u547c\u53eb\u60a8\uff01","sound":"default","badge":"+1","extras":{"userId":"4"}}},"options":{"apns_production":false}}, times:1
Send GET https://report.jpush.cn/v3/received?msg_ids=190e35f7e04ce12ea69, body:, times:1
Send POST https://api.jpush.cn/v3/push, body:{"platform":["ios","android"],"audience":{"registration_id":["190e35f7e04ce12ea69"]},"notification":{"android":{"alert":"\u60a8\u597d\uff0c\u6709\u533b\u751f\u5728\u547c\u53eb\u60a8\uff01","title":"\u4e91\u533b\u89c6\u8baf","extras":{"userId":"4"}},"ios":{"alert":"\u60a8\u597d\uff0c\u6709\u533b\u751f\u5728\u547c\u53eb\u60a8\uff01","sound":"default","badge":"+1","extras":{"userId":"4"}}},"options":{"apns_production":false}}, times:1
Send GET https://report.jpush.cn/v3/received?msg_ids=190e35f7e04ce12ea69, body:, times:1
Send GET https://report.jpush.cn/v3/received?msg_ids=190e35f7e04ce12ea69, body:, times:2
Send GET https://report.jpush.cn/v3/received?msg_ids=190e35f7e04ce12ea69, body:, times:3
Send POST https://api.jpush.cn/v3/push, body:{"platform":["ios","android"],"audience":{"registration_id":["190e35f7e04ce12ea69"]},"notification":{"android":{"alert":"\u60a8\u597d\uff0c\u6709\u533b\u751f\u5728\u547c\u53eb\u60a8\uff01","title":"\u4e91\u533b\u89c6\u8baf","extras":{"userId":"4"}},"ios":{"alert":"\u60a8\u597d\uff0c\u6709\u533b\u751f\u5728\u547c\u53eb\u60a8\uff01","sound":"default","badge":"+1","extras":{"userId":"4"}}},"options":{"apns_production":false}}, times:1
Send GET https://report.jpush.cn/v3/received?msg_ids=190e35f7e04ce12ea69, body:, times:1
Send POST https://api.jpush.cn/v3/push, body:{"platform":["ios","android"],"audience":{"registration_id":[""]},"notification":{"android":{"alert":"\u60a8\u597d\uff0c\u6709\u533b\u751f\u5728\u547c\u53eb\u60a8\uff01","title":"\u4e91\u533b\u89c6\u8baf","extras":{"userId":"5"}},"ios":{"alert":"\u60a8\u597d\uff0c\u6709\u533b\u751f\u5728\u547c\u53eb\u60a8\uff01","sound":"default","badge":"+1","extras":{"userId":"5"}}},"options":{"apns_production":false}}, times:1
Send POST https://api.jpush.cn/v3/push, body:{"platform":["ios","android"],"audience":{"registration_id":[""]},"notification":{"android":{"alert":"\u60a8\u597d\uff0c\u6709\u533b\u751f\u5728\u547c\u53eb\u60a8\uff01","title":"\u4e91\u533b\u89c6\u8baf","extras":{"userId":"5"}},"ios":{"alert":"\u60a8\u597d\uff0c\u6709\u533b\u751f\u5728\u547c\u53eb\u60a8\uff01","sound":"default","badge":"+1","extras":{"userId":"5"}}},"options":{"apns_production":false}}, times:1
Send POST https://api.jpush.cn/v3/push, body:{"platform":["ios","android"],"audience":{"registration_id":[""]},"notification":{"android":{"alert":"\u60a8\u597d\uff0c\u6709\u533b\u751f\u5728\u547c\u53eb\u60a8\uff01","title":"\u4e91\u533b\u89c6\u8baf","extras":{"userId":"5"}},"ios":{"alert":"\u60a8\u597d\uff0c\u6709\u533b\u751f\u5728\u547c\u53eb\u60a8\uff01","sound":"default","badge":"+1","extras":{"userId":"5"}}},"options":{"apns_production":false}}, times:1
Send POST https://api.jpush.cn/v3/push, body:{"platform":["ios","android"],"audience":{"registration_id":[""]},"notification":{"android":{"alert":"\u60a8\u597d\uff0c\u6709\u533b\u751f\u5728\u547c\u53eb\u60a8\uff01","title":"\u4e91\u533b\u89c6\u8baf","extras":{"userId":"5"}},"ios":{"alert":"\u60a8\u597d\uff0c\u6709\u533b\u751f\u5728\u547c\u53eb\u60a8\uff01","sound":"default","badge":"+1","extras":{"userId":"5"}}},"options":{"apns_production":false}}, times:1
Send POST https://api.jpush.cn/v3/push, body:{"platform":["ios","android"],"audience":{"registration_id":[""]},"notification":{"android":{"alert":"\u60a8\u597d\uff0c\u6709\u533b\u751f\u5728\u547c\u53eb\u60a8\uff01","title":"\u4e91\u533b\u89c6\u8baf","extras":{"userId":"5"}},"ios":{"alert":"\u60a8\u597d\uff0c\u6709\u533b\u751f\u5728\u547c\u53eb\u60a8\uff01","sound":"default","badge":"+1","extras":{"userId":"5"}}},"options":{"apns_production":false}}, times:1
Send POST https://api.jpush.cn/v3/push, body:{"platform":["ios","android"],"audience":{"registration_id":[""]},"notification":{"android":{"alert":"\u60a8\u597d\uff0c\u6709\u533b\u751f\u5728\u547c\u53eb\u60a8\uff01","title":"\u4e91\u533b\u89c6\u8baf","extras":{"userId":"5"}},"ios":{"alert":"\u60a8\u597d\uff0c\u6709\u533b\u751f\u5728\u547c\u53eb\u60a8\uff01","sound":"default","badge":"+1","extras":{"userId":"5"}}},"options":{"apns_production":false}}, times:1
Send POST https://api.jpush.cn/v3/push, body:{"platform":["ios","android"],"audience":{"registration_id":["121c83f7602db65444d"]},"notification":{"android":{"alert":"\u60a8\u597d\uff0c\u6709\u533b\u751f\u5728\u547c\u53eb\u60a8\uff01","title":"\u4e91\u533b\u89c6\u8baf","extras":{"userId":"5"}},"ios":{"alert":"\u60a8\u597d\uff0c\u6709\u533b\u751f\u5728\u547c\u53eb\u60a8\uff01","sound":"default","badge":"+1","extras":{"userId":"5"}}},"options":{"apns_production":false}}, times:1
Send GET https://report.jpush.cn/v3/received?msg_ids=121c83f7602db65444d, body:, times:1
Send POST https://api.jpush.cn/v3/push, body:{"platform":["ios","android"],"audience":{"registration_id":["171976fa8a89fea52c1"]},"notification":{"android":{"alert":"\u60a8\u597d\uff0c\u6709\u533b\u751f\u5728\u547c\u53eb\u60a8\uff01","title":"\u4e91\u533b\u89c6\u8baf","extras":{"userId":"5"}},"ios":{"alert":"\u60a8\u597d\uff0c\u6709\u533b\u751f\u5728\u547c\u53eb\u60a8\uff01","sound":"default","badge":"+1","extras":{"userId":"5"}}},"options":{"apns_production":false}}, times:1
Send GET https://report.jpush.cn/v3/received?msg_ids=171976fa8a89fea52c1, body:, times:1
Send POST https://api.jpush.cn/v3/push, body:{"platform":["ios","android"],"audience":{"registration_id":["171976fa8a89fea52c1"]},"notification":{"android":{"alert":"\u60a8\u597d\uff0c\u6709\u533b\u751f\u5728\u547c\u53eb\u60a8\uff01","title":"\u4e91\u533b\u89c6\u8baf","extras":{"userId":"5"}},"ios":{"alert":"\u60a8\u597d\uff0c\u6709\u533b\u751f\u5728\u547c\u53eb\u60a8\uff01","sound":"default","badge":"+1","extras":{"userId":"5"}}},"options":{"apns_production":false}}, times:1
Send GET https://report.jpush.cn/v3/received?msg_ids=171976fa8a89fea52c1, body:, times:1
Send GET https://report.jpush.cn/v3/received?msg_ids=171976fa8a89fea52c1, body:, times:2
Send POST https://api.jpush.cn/v3/push, body:{"platform":["ios","android"],"audience":{"registration_id":["1a1018970aaf1301cad"]},"notification":{"android":{"alert":"\u60a8\u597d\uff0c\u6709\u533b\u751f\u5728\u547c\u53eb\u60a8\uff01","title":"\u4e91\u533b\u89c6\u8baf","extras":{"userId":"5"}},"ios":{"alert":"\u60a8\u597d\uff0c\u6709\u533b\u751f\u5728\u547c\u53eb\u60a8\uff01","sound":"default","badge":"+1","extras":{"userId":"5"}}},"options":{"apns_production":false}}, times:1
Send GET https://report.jpush.cn/v3/received?msg_ids=1a1018970aaf1301cad, body:, times:1
Send POST https://api.jpush.cn/v3/push, body:{"platform":["ios","android"],"audience":{"registration_id":["171976fa8a89045bfeb"]},"notification":{"android":{"alert":"\u60a8\u597d\uff0c\u6709\u533b\u751f\u5728\u547c\u53eb\u60a8\uff01","title":"\u4e91\u533b\u89c6\u8baf","extras":{"userId":"5"}},"ios":{"alert":"\u60a8\u597d\uff0c\u6709\u533b\u751f\u5728\u547c\u53eb\u60a8\uff01","sound":"default","badge":"+1","extras":{"userId":"5"}}},"options":{"apns_production":false}}, times:1
Send GET https://report.jpush.cn/v3/received?msg_ids=171976fa8a89045bfeb, body:, times:1
Send POST https://api.jpush.cn/v3/push, body:{"platform":["ios","android"],"audience":{"registration_id":["171976fa8a89fdf6cb6"]},"notification":{"android":{"alert":"\u60a8\u597d\uff0c\u6709\u533b\u751f\u5728\u547c\u53eb\u60a8\uff01","title":"\u4e91\u533b\u89c6\u8baf","extras":{"userId":"5"}},"ios":{"alert":"\u60a8\u597d\uff0c\u6709\u533b\u751f\u5728\u547c\u53eb\u60a8\uff01","sound":"default","badge":"+1","extras":{"userId":"5"}}},"options":{"apns_production":false}}, times:1
Send GET https://report.jpush.cn/v3/received?msg_ids=171976fa8a89fdf6cb6, body:, times:1
Send POST https://api.jpush.cn/v3/push, body:{"platform":["ios","android"],"audience":{"registration_id":["171976fa8a89fdf6cb6"]},"notification":{"android":{"alert":"\u60a8\u597d\uff0c\u6709\u533b\u751f\u5728\u547c\u53eb\u60a8\uff01","title":"\u4e91\u533b\u89c6\u8baf","extras":{"userId":"5"}},"ios":{"alert":"\u60a8\u597d\uff0c\u6709\u533b\u751f\u5728\u547c\u53eb\u60a8\uff01","sound":"default","badge":"+1","extras":{"userId":"5"}}},"options":{"apns_production":false}}, times:1
Send GET https://report.jpush.cn/v3/received?msg_ids=171976fa8a89fdf6cb6, body:, times:1
Send POST https://api.jpush.cn/v3/push, body:{"platform":["ios","android"],"audience":{"registration_id":[""]},"notification":{"android":{"alert":"\u60a8\u597d\uff0c\u6709\u533b\u751f\u5728\u547c\u53eb\u60a8\uff01","title":"\u4e91\u533b\u89c6\u8baf","extras":{"userId":"5"}},"ios":{"alert":"\u60a8\u597d\uff0c\u6709\u533b\u751f\u5728\u547c\u53eb\u60a8\uff01","sound":"default","badge":"+1","extras":{"userId":"5"}}},"options":{"apns_production":false}}, times:1
Send POST https://api.jpush.cn/v3/push, body:{"platform":["ios","android"],"audience":{"registration_id":[""]},"notification":{"android":{"alert":"\u60a8\u597d\uff0c\u6709\u533b\u751f\u5728\u547c\u53eb\u60a8\uff01","title":"\u4e91\u533b\u89c6\u8baf","extras":{"userId":"5"}},"ios":{"alert":"\u60a8\u597d\uff0c\u6709\u533b\u751f\u5728\u547c\u53eb\u60a8\uff01","sound":"default","badge":"+1","extras":{"userId":"5"}}},"options":{"apns_production":false}}, times:1
Send POST https://api.jpush.cn/v3/push, body:{"platform":["ios","android"],"audience":{"registration_id":["190e35f7e04ce12ea69"]},"notification":{"android":{"alert":"\u60a8\u597d\uff0c\u6709\u533b\u751f\u5728\u547c\u53eb\u60a8\uff01","title":"\u4e91\u533b\u89c6\u8baf","extras":{"userId":"4"}},"ios":{"alert":"\u60a8\u597d\uff0c\u6709\u533b\u751f\u5728\u547c\u53eb\u60a8\uff01","sound":"default","badge":"+1","extras":{"userId":"4"}}},"options":{"apns_production":false}}, times:1
Send GET https://report.jpush.cn/v3/received?msg_ids=190e35f7e04ce12ea69, body:, times:1
Send POST https://api.jpush.cn/v3/push, body:{"platform":["ios","android"],"audience":{"registration_id":["190e35f7e04ce12ea69"]},"notification":{"android":{"alert":"\u60a8\u597d\uff0c\u6709\u533b\u751f\u5728\u547c\u53eb\u60a8\uff01","title":"\u4e91\u533b\u89c6\u8baf","extras":{"userId":"4"}},"ios":{"alert":"\u60a8\u597d\uff0c\u6709\u533b\u751f\u5728\u547c\u53eb\u60a8\uff01","sound":"default","badge":"+1","extras":{"userId":"4"}}},"options":{"apns_production":false}}, times:1
Send GET https://report.jpush.cn/v3/received?msg_ids=190e35f7e04ce12ea69, body:, times:1
Send POST https://api.jpush.cn/v3/push, body:{"platform":["ios","android"],"audience":{"registration_id":["190e35f7e04ce12ea69"]},"notification":{"android":{"alert":"\u60a8\u597d\uff0c\u6709\u533b\u751f\u5728\u547c\u53eb\u60a8\uff01","title":"\u4e91\u533b\u89c6\u8baf","extras":{"userId":"4"}},"ios":{"alert":"\u60a8\u597d\uff0c\u6709\u533b\u751f\u5728\u547c\u53eb\u60a8\uff01","sound":"default","badge":"+1","extras":{"userId":"4"}}},"options":{"apns_production":false}}, times:1
Send GET https://report.jpush.cn/v3/received?msg_ids=190e35f7e04ce12ea69, body:, times:1
Send GET https://report.jpush.cn/v3/received?msg_ids=190e35f7e04ce12ea69, body:, times:2
Send POST https://api.jpush.cn/v3/push, body:{"platform":["ios","android"],"audience":{"registration_id":["190e35f7e04ce12ea69"]},"notification":{"android":{"alert":"\u60a8\u597d\uff0c\u6709\u533b\u751f\u5728\u547c\u53eb\u60a8\uff01","title":"\u4e91\u533b\u89c6\u8baf","extras":{"userId":"4"}},"ios":{"alert":"\u60a8\u597d\uff0c\u6709\u533b\u751f\u5728\u547c\u53eb\u60a8\uff01","sound":"default","badge":"+1","extras":{"userId":"4"}}},"options":{"apns_production":false}}, times:1
Send GET https://report.jpush.cn/v3/received?msg_ids=190e35f7e04ce12ea69, body:, times:1
Send GET https://report.jpush.cn/v3/received?msg_ids=190e35f7e04ce12ea69, body:, times:2
Send GET https://report.jpush.cn/v3/received?msg_ids=190e35f7e04ce12ea69, body:, times:3
Send POST https://api.jpush.cn/v3/push, body:{"platform":["ios","android"],"audience":{"registration_id":["190e35f7e04ce12ea69"]},"notification":{"android":{"alert":"\u60a8\u597d\uff0c\u6709\u533b\u751f\u5728\u547c\u53eb\u60a8\uff01","title":"\u4e91\u533b\u89c6\u8baf","extras":{"userId":"4"}},"ios":{"alert":"\u60a8\u597d\uff0c\u6709\u533b\u751f\u5728\u547c\u53eb\u60a8\uff01","sound":"default","badge":"+1","extras":{"userId":"4"}}},"options":{"apns_production":false}}, times:1
Send GET https://report.jpush.cn/v3/received?msg_ids=190e35f7e04ce12ea69, body:, times:1
Send GET https://report.jpush.cn/v3/received?msg_ids=190e35f7e04ce12ea69, body:, times:2
Send POST https://api.jpush.cn/v3/push, body:{"platform":["ios","android"],"audience":{"registration_id":["190e35f7e04ce12ea69"]},"notification":{"android":{"alert":"\u60a8\u597d\uff0c\u6709\u533b\u751f\u5728\u547c\u53eb\u60a8\uff01","title":"\u4e91\u533b\u89c6\u8baf","extras":{"userId":"4"}},"ios":{"alert":"\u60a8\u597d\uff0c\u6709\u533b\u751f\u5728\u547c\u53eb\u60a8\uff01","sound":"default","badge":"+1","extras":{"userId":"4"}}},"options":{"apns_production":false}}, times:1
Send GET https://report.jpush.cn/v3/received?msg_ids=190e35f7e04ce12ea69, body:, times:1
Send POST https://api.jpush.cn/v3/push, body:{"platform":["ios","android"],"audience":{"registration_id":["190e35f7e04ce12ea69"]},"notification":{"android":{"alert":"\u60a8\u597d\uff0c\u6709\u533b\u751f\u5728\u547c\u53eb\u60a8\uff01","title":"\u4e91\u533b\u89c6\u8baf","extras":{"userId":"4"}},"ios":{"alert":"\u60a8\u597d\uff0c\u6709\u533b\u751f\u5728\u547c\u53eb\u60a8\uff01","sound":"default","badge":"+1","extras":{"userId":"4"}}},"options":{"apns_production":false}}, times:1
Send GET https://report.jpush.cn/v3/received?msg_ids=190e35f7e04ce12ea69, body:, times:1
Send POST https://api.jpush.cn/v3/push, body:{"platform":["ios","android"],"audience":{"registration_id":["190e35f7e04ce12ea69"]},"notification":{"android":{"alert":"\u60a8\u597d\uff0c\u6709\u533b\u751f\u5728\u547c\u53eb\u60a8\uff01","title":"\u4e91\u533b\u89c6\u8baf","extras":{"userId":"4"}},"ios":{"alert":"\u60a8\u597d\uff0c\u6709\u533b\u751f\u5728\u547c\u53eb\u60a8\uff01","sound":"default","badge":"+1","extras":{"userId":"4"}}},"options":{"apns_production":false}}, times:1
Send GET https://report.jpush.cn/v3/received?msg_ids=190e35f7e04ce12ea69, body:, times:1
Send GET https://report.jpush.cn/v3/received?msg_ids=190e35f7e04ce12ea69, body:, times:2
Send POST https://api.jpush.cn/v3/push, body:{"platform":["ios","android"],"audience":{"registration_id":["190e35f7e04ce12ea69"]},"notification":{"android":{"alert":"\u60a8\u597d\uff0c\u6709\u533b\u751f\u5728\u547c\u53eb\u60a8\uff01","title":"\u4e91\u533b\u89c6\u8baf","extras":{"userId":"4"}},"ios":{"alert":"\u60a8\u597d\uff0c\u6709\u533b\u751f\u5728\u547c\u53eb\u60a8\uff01","sound":"default","badge":"+1","extras":{"userId":"4"}}},"options":{"apns_production":false}}, times:1
Send GET https://report.jpush.cn/v3/received?msg_ids=190e35f7e04ce12ea69, body:, times:1
Send POST https://api.jpush.cn/v3/push, body:{"platform":["ios","android"],"audience":{"registration_id":["190e35f7e04ce12ea69"]},"notification":{"android":{"alert":"\u60a8\u597d\uff0c\u6709\u533b\u751f\u5728\u547c\u53eb\u60a8\uff01","title":"\u4e91\u533b\u89c6\u8baf","extras":{"userId":"4"}},"ios":{"alert":"\u60a8\u597d\uff0c\u6709\u533b\u751f\u5728\u547c\u53eb\u60a8\uff01","sound":"default","badge":"+1","extras":{"userId":"4"}}},"options":{"apns_production":false}}, times:1
Send GET https://report.jpush.cn/v3/received?msg_ids=190e35f7e04ce12ea69, body:, times:1
Send POST https://api.jpush.cn/v3/push, body:{"platform":["ios","android"],"audience":{"registration_id":["190e35f7e04ce12ea69"]},"notification":{"android":{"alert":"\u60a8\u597d\uff0c\u6709\u533b\u751f\u5728\u547c\u53eb\u60a8\uff01","title":"\u4e91\u533b\u89c6\u8baf","extras":{"userId":"4"}},"ios":{"alert":"\u60a8\u597d\uff0c\u6709\u533b\u751f\u5728\u547c\u53eb\u60a8\uff01","sound":"default","badge":"+1","extras":{"userId":"4"}}},"options":{"apns_production":false}}, times:1
Send GET https://report.jpush.cn/v3/received?msg_ids=190e35f7e04ce12ea69, body:, times:1
Send POST https://api.jpush.cn/v3/push, body:{"platform":["ios","android"],"audience":{"registration_id":["190e35f7e04ce12ea69"]},"notification":{"android":{"alert":"\u60a8\u597d\uff0c\u6709\u533b\u751f\u5728\u547c\u53eb\u60a8\uff01","title":"\u4e91\u533b\u89c6\u8baf","extras":{"userId":"4"}},"ios":{"alert":"\u60a8\u597d\uff0c\u6709\u533b\u751f\u5728\u547c\u53eb\u60a8\uff01","sound":"default","badge":"+1","extras":{"userId":"4"}}},"options":{"apns_production":false}}, times:1
Send GET https://report.jpush.cn/v3/received?msg_ids=190e35f7e04ce12ea69, body:, times:1
Send POST https://api.jpush.cn/v3/push, body:{"platform":["ios","android"],"audience":{"registration_id":["190e35f7e04ce12ea69"]},"notification":{"android":{"alert":"\u60a8\u597d\uff0c\u6709\u533b\u751f\u5728\u547c\u53eb\u60a8\uff01","title":"\u4e91\u533b\u89c6\u8baf","extras":{"userId":"4"}},"ios":{"alert":"\u60a8\u597d\uff0c\u6709\u533b\u751f\u5728\u547c\u53eb\u60a8\uff01","sound":"default","badge":"+1","extras":{"userId":"4"}}},"options":{"apns_production":false}}, times:1
Send GET https://report.jpush.cn/v3/received?msg_ids=190e35f7e04ce12ea69, body:, times:1
Send POST https://api.jpush.cn/v3/push, body:{"platform":["ios","android"],"audience":{"registration_id":["190e35f7e04ce12ea69"]},"notification":{"android":{"alert":"\u60a8\u597d\uff0c\u6709\u533b\u751f\u5728\u547c\u53eb\u60a8\uff01","title":"\u4e91\u533b\u89c6\u8baf","extras":{"userId":"4"}},"ios":{"alert":"\u60a8\u597d\uff0c\u6709\u533b\u751f\u5728\u547c\u53eb\u60a8\uff01","sound":"default","badge":"+1","extras":{"userId":"4"}}},"options":{"apns_production":false}}, times:1
Send GET https://report.jpush.cn/v3/received?msg_ids=190e35f7e04ce12ea69, body:, times:1
Send POST https://api.jpush.cn/v3/push, body:{"platform":["ios","android"],"audience":{"registration_id":["190e35f7e04ce12ea69"]},"notification":{"android":{"alert":"\u60a8\u597d\uff0c\u6709\u533b\u751f\u5728\u547c\u53eb\u60a8\uff01","title":"\u4e91\u533b\u89c6\u8baf","extras":{"userId":"4"}},"ios":{"alert":"\u60a8\u597d\uff0c\u6709\u533b\u751f\u5728\u547c\u53eb\u60a8\uff01","sound":"default","badge":"+1","extras":{"userId":"4"}}},"options":{"apns_production":false}}, times:1
Send GET https://report.jpush.cn/v3/received?msg_ids=190e35f7e04ce12ea69, body:, times:1
Send POST https://api.jpush.cn/v3/push, body:{"platform":["ios","android"],"audience":{"registration_id":["190e35f7e04ce12ea69"]},"notification":{"android":{"alert":"\u60a8\u597d\uff0c\u6709\u533b\u751f\u5728\u547c\u53eb\u60a8\uff01","title":"\u4e91\u533b\u89c6\u8baf","extras":{"userId":"4"}},"ios":{"alert":"\u60a8\u597d\uff0c\u6709\u533b\u751f\u5728\u547c\u53eb\u60a8\uff01","sound":"default","badge":"+1","extras":{"userId":"4"}}},"options":{"apns_production":false}}, times:1
Send GET https://report.jpush.cn/v3/received?msg_ids=190e35f7e04ce12ea69, body:, times:1
Send POST https://api.jpush.cn/v3/push, body:{"platform":["ios","android"],"audience":{"registration_id":["171976fa8a89fd90d02"]},"notification":{"android":{"alert":"\u60a8\u597d\uff0c\u6709\u533b\u751f\u5728\u547c\u53eb\u60a8\uff01","title":"\u4e91\u533b\u89c6\u8baf","extras":{"userId":"5"}},"ios":{"alert":"\u60a8\u597d\uff0c\u6709\u533b\u751f\u5728\u547c\u53eb\u60a8\uff01","sound":"default","badge":"+1","extras":{"userId":"5"}}},"options":{"apns_production":false}}, times:1
Send GET https://report.jpush.cn/v3/received?msg_ids=171976fa8a89fd90d02, body:, times:1
Send POST https://api.jpush.cn/v3/push, body:{"platform":["ios","android"],"audience":{"registration_id":["171976fa8a89fd90d02"]},"notification":{"android":{"alert":"\u60a8\u597d\uff0c\u6709\u533b\u751f\u5728\u547c\u53eb\u60a8\uff01","title":"\u4e91\u533b\u89c6\u8baf","extras":{"userId":"5"}},"ios":{"alert":"\u60a8\u597d\uff0c\u6709\u533b\u751f\u5728\u547c\u53eb\u60a8\uff01","sound":"default","badge":"+1","extras":{"userId":"5"}}},"options":{"apns_production":false}}, times:1
Send GET https://report.jpush.cn/v3/received?msg_ids=171976fa8a89fd90d02, body:, times:1
Send POST https://api.jpush.cn/v3/push, body:{"platform":["ios","android"],"audience":{"registration_id":["190e35f7e04ce12ea69"]},"notification":{"android":{"alert":"\u60a8\u597d\uff0c\u6709\u533b\u751f\u5728\u547c\u53eb\u60a8\uff01","title":"\u4e91\u533b\u89c6\u8baf","extras":{"userId":"4"}},"ios":{"alert":"\u60a8\u597d\uff0c\u6709\u533b\u751f\u5728\u547c\u53eb\u60a8\uff01","sound":"default","badge":"+1","extras":{"userId":"4"}}},"options":{"apns_production":false}}, times:1
Send GET https://report.jpush.cn/v3/received?msg_ids=190e35f7e04ce12ea69, body:, times:1
Send POST https://api.jpush.cn/v3/push, body:{"platform":["ios","android"],"audience":{"registration_id":["171976fa8a89fd90d02"]},"notification":{"android":{"alert":"\u60a8\u597d\uff0c\u6709\u533b\u751f\u5728\u547c\u53eb\u60a8\uff01","title":"\u4e91\u533b\u89c6\u8baf","extras":{"userId":"5"}},"ios":{"alert":"\u60a8\u597d\uff0c\u6709\u533b\u751f\u5728\u547c\u53eb\u60a8\uff01","sound":"default","badge":"+1","extras":{"userId":"5"}}},"options":{"apns_production":false}}, times:1
Send GET https://report.jpush.cn/v3/received?msg_ids=171976fa8a89fd90d02, body:, times:1
Send POST https://api.jpush.cn/v3/push, body:{"platform":["ios","android"],"audience":{"registration_id":["171976fa8a89fd90d02"]},"notification":{"android":{"alert":"\u60a8\u597d\uff0c\u6709\u533b\u751f\u5728\u547c\u53eb\u60a8\uff01","title":"\u4e91\u533b\u89c6\u8baf","extras":{"userId":"5"}},"ios":{"alert":"\u60a8\u597d\uff0c\u6709\u533b\u751f\u5728\u547c\u53eb\u60a8\uff01","sound":"default","badge":"+1","extras":{"userId":"5"}}},"options":{"apns_production":false}}, times:1
Send GET https://report.jpush.cn/v3/received?msg_ids=171976fa8a89fd90d02, body:, times:1
Send POST https://api.jpush.cn/v3/push, body:{"platform":["ios","android"],"audience":{"registration_id":["171976fa8a89045bfeb"]},"notification":{"android":{"alert":"\u60a8\u597d\uff0c\u6709\u533b\u751f\u5728\u547c\u53eb\u60a8\uff01","title":"\u4e91\u533b\u89c6\u8baf","extras":{"userId":"5"}},"ios":{"alert":"\u60a8\u597d\uff0c\u6709\u533b\u751f\u5728\u547c\u53eb\u60a8\uff01","sound":"default","badge":"+1","extras":{"userId":"5"}}},"options":{"apns_production":false}}, times:1
Send GET https://report.jpush.cn/v3/received?msg_ids=171976fa8a89045bfeb, body:, times:1
Send POST https://api.jpush.cn/v3/push, body:{"platform":["ios","android"],"audience":{"registration_id":["171976fa8a89fd90d02"]},"notification":{"android":{"alert":"\u60a8\u597d\uff0c\u6709\u533b\u751f\u5728\u547c\u53eb\u60a8\uff01","title":"\u4e91\u533b\u89c6\u8baf","extras":{"userId":"5"}},"ios":{"alert":"\u60a8\u597d\uff0c\u6709\u533b\u751f\u5728\u547c\u53eb\u60a8\uff01","sound":"default","badge":"+1","extras":{"userId":"5"}}},"options":{"apns_production":false}}, times:1
Send GET https://report.jpush.cn/v3/received?msg_ids=171976fa8a89fd90d02, body:, times:1
Send POST https://api.jpush.cn/v3/push, body:{"platform":["ios","android"],"audience":{"registration_id":["171976fa8a89fd90d02"]},"notification":{"android":{"alert":"\u60a8\u597d\uff0c\u6709\u533b\u751f\u5728\u547c\u53eb\u60a8\uff01","title":"\u4e91\u533b\u89c6\u8baf","extras":{"userId":"5"}},"ios":{"alert":"\u60a8\u597d\uff0c\u6709\u533b\u751f\u5728\u547c\u53eb\u60a8\uff01","sound":"default","badge":"+1","extras":{"userId":"5"}}},"options":{"apns_production":false}}, times:1
Send GET https://report.jpush.cn/v3/received?msg_ids=171976fa8a89fd90d02, body:, times:1
Send POST https://api.jpush.cn/v3/push, body:{"platform":["ios","android"],"audience":{"registration_id":["171976fa8a89fd90d02"]},"notification":{"android":{"alert":"\u60a8\u597d\uff0c\u6709\u533b\u751f\u5728\u547c\u53eb\u60a8\uff01","title":"\u4e91\u533b\u89c6\u8baf","extras":{"userId":"5"}},"ios":{"alert":"\u60a8\u597d\uff0c\u6709\u533b\u751f\u5728\u547c\u53eb\u60a8\uff01","sound":"default","badge":"+1","extras":{"userId":"5"}}},"options":{"apns_production":false}}, times:1
Send GET https://report.jpush.cn/v3/received?msg_ids=171976fa8a89fd90d02, body:, times:1
Send POST https://api.jpush.cn/v3/push, body:{"platform":["ios","android"],"audience":{"registration_id":["171976fa8a89fd90d02"]},"notification":{"android":{"alert":"\u60a8\u597d\uff0c\u6709\u533b\u751f\u5728\u547c\u53eb\u60a8\uff01","title":"\u4e91\u533b\u89c6\u8baf","extras":{"userId":"5"}},"ios":{"alert":"\u60a8\u597d\uff0c\u6709\u533b\u751f\u5728\u547c\u53eb\u60a8\uff01","sound":"default","badge":"+1","extras":{"userId":"5"}}},"options":{"apns_production":false}}, times:1
Send GET https://report.jpush.cn/v3/received?msg_ids=171976fa8a89fd90d02, body:, times:1
Send POST https://api.jpush.cn/v3/push, body:{"platform":["ios","android"],"audience":{"registration_id":["171976fa8a89fd90d02"]},"notification":{"android":{"alert":"\u60a8\u597d\uff0c\u6709\u533b\u751f\u5728\u547c\u53eb\u60a8\uff01","title":"\u4e91\u533b\u89c6\u8baf","extras":{"userId":"5"}},"ios":{"alert":"\u60a8\u597d\uff0c\u6709\u533b\u751f\u5728\u547c\u53eb\u60a8\uff01","sound":"default","badge":"+1","extras":{"userId":"5"}}},"options":{"apns_production":false}}, times:1
Send GET https://report.jpush.cn/v3/received?msg_ids=171976fa8a89fd90d02, body:, times:1
Send POST https://api.jpush.cn/v3/push, body:{"platform":["ios","android"],"audience":{"registration_id":["171976fa8a89fd90d02"]},"notification":{"android":{"alert":"\u60a8\u597d\uff0c\u6709\u533b\u751f\u5728\u547c\u53eb\u60a8\uff01","title":"\u4e91\u533b\u89c6\u8baf","extras":{"userId":"5"}},"ios":{"alert":"\u60a8\u597d\uff0c\u6709\u533b\u751f\u5728\u547c\u53eb\u60a8\uff01","sound":"default","badge":"+1","extras":{"userId":"5"}}},"options":{"apns_production":false}}, times:1
Send GET https://report.jpush.cn/v3/received?msg_ids=171976fa8a89fd90d02, body:, times:1
Send POST https://api.jpush.cn/v3/push, body:{"platform":["ios","android"],"audience":{"registration_id":["171976fa8a89fd90d02"]},"notification":{"android":{"alert":"\u60a8\u597d\uff0c\u6709\u533b\u751f\u5728\u547c\u53eb\u60a8\uff01","title":"\u4e91\u533b\u89c6\u8baf","extras":{"userId":"5"}},"ios":{"alert":"\u60a8\u597d\uff0c\u6709\u533b\u751f\u5728\u547c\u53eb\u60a8\uff01","sound":"default","badge":"+1","extras":{"userId":"5"}}},"options":{"apns_production":false}}, times:1
Send GET https://report.jpush.cn/v3/received?msg_ids=171976fa8a89fd90d02, body:, times:1
Send POST https://api.jpush.cn/v3/push, body:{"platform":["ios","android"],"audience":{"registration_id":["171976fa8a89fd90d02"]},"notification":{"android":{"alert":"\u60a8\u597d\uff0c\u6709\u533b\u751f\u5728\u547c\u53eb\u60a8\uff01","title":"\u4e91\u533b\u89c6\u8baf","extras":{"userId":"5"}},"ios":{"alert":"\u60a8\u597d\uff0c\u6709\u533b\u751f\u5728\u547c\u53eb\u60a8\uff01","sound":"default","badge":"+1","extras":{"userId":"5"}}},"options":{"apns_production":false}}, times:1
Send GET https://report.jpush.cn/v3/received?msg_ids=171976fa8a89fd90d02, body:, times:1
Send POST https://api.jpush.cn/v3/push, body:{"platform":["ios","android"],"audience":{"registration_id":["171976fa8a89fd90d02"]},"notification":{"android":{"alert":"\u60a8\u597d\uff0c\u6709\u533b\u751f\u5728\u547c\u53eb\u60a8\uff01","title":"\u4e91\u533b\u89c6\u8baf","extras":{"userId":"5"}},"ios":{"alert":"\u60a8\u597d\uff0c\u6709\u533b\u751f\u5728\u547c\u53eb\u60a8\uff01","sound":"default","badge":"+1","extras":{"userId":"5","doctorId":"2"}}},"options":{"apns_production":false}}, times:1
Send GET https://report.jpush.cn/v3/received?msg_ids=171976fa8a89fd90d02, body:, times:1
Send GET https://report.jpush.cn/v3/received?msg_ids=171976fa8a89fd90d02, body:, times:2
Send GET https://report.jpush.cn/v3/received?msg_ids=171976fa8a89fd90d02, body:, times:3
Send POST https://api.jpush.cn/v3/push, body:{"platform":["ios","android"],"audience":{"registration_id":["171976fa8a89fd90d02"]},"notification":{"android":{"alert":"\u60a8\u597d\uff0c\u6709\u533b\u751f\u5728\u547c\u53eb\u60a8\uff01","title":"\u4e91\u533b\u89c6\u8baf","extras":{"userId":"5"}},"ios":{"alert":"\u60a8\u597d\uff0c\u6709\u533b\u751f\u5728\u547c\u53eb\u60a8\uff01","sound":"default","badge":"+1","extras":{"userId":"5","doctorId":"2"}}},"options":{"apns_production":false}}, times:1
Send GET https://report.jpush.cn/v3/received?msg_ids=171976fa8a89fd90d02, body:, times:1
Send POST https://api.jpush.cn/v3/push, body:{"platform":["ios","android"],"audience":{"registration_id":["171976fa8a89fd90d02"]},"notification":{"android":{"alert":"\u60a8\u597d\uff0c\u6709\u533b\u751f\u5728\u547c\u53eb\u60a8\uff01","title":"\u4e91\u533b\u89c6\u8baf","extras":{"userId":"5"}},"ios":{"alert":"\u60a8\u597d\uff0c\u6709\u533b\u751f\u5728\u547c\u53eb\u60a8\uff01","sound":"default","badge":"+1","extras":{"userId":"5","doctorId":"2"}}},"options":{"apns_production":false}}, times:1
Send GET https://report.jpush.cn/v3/received?msg_ids=171976fa8a89fd90d02, body:, times:1
Send POST https://api.jpush.cn/v3/push, body:{"platform":["ios","android"],"audience":{"registration_id":["140fe1da9ea3de62edb"]},"notification":{"android":{"alert":"\u60a8\u597d\uff0c\u6709\u533b\u751f\u5728\u547c\u53eb\u60a8\uff01","title":"\u4e91\u533b\u89c6\u8baf","extras":{"userId":"3"}},"ios":{"alert":"\u60a8\u597d\uff0c\u6709\u533b\u751f\u5728\u547c\u53eb\u60a8\uff01","sound":"default","badge":"+1","extras":{"userId":"3","doctorId":"4"}}},"options":{"apns_production":false}}, times:1
Send GET https://report.jpush.cn/v3/received?msg_ids=140fe1da9ea3de62edb, body:, times:1
Send POST https://api.jpush.cn/v3/push, body:{"platform":["ios","android"],"audience":{"registration_id":["140fe1da9ea3de62edb"]},"notification":{"android":{"alert":"\u60a8\u597d\uff0c\u6709\u533b\u751f\u5728\u547c\u53eb\u60a8\uff01","title":"\u4e91\u533b\u89c6\u8baf","extras":{"userId":"3"}},"ios":{"alert":"\u60a8\u597d\uff0c\u6709\u533b\u751f\u5728\u547c\u53eb\u60a8\uff01","sound":"default","badge":"+1","extras":{"userId":"3","doctorId":"4"}}},"options":{"apns_production":false}}, times:1
Send GET https://report.jpush.cn/v3/received?msg_ids=140fe1da9ea3de62edb, body:, times:1
Send POST https://api.jpush.cn/v3/push, body:{"platform":["ios","android"],"audience":{"registration_id":["140fe1da9ea3de62edb"]},"notification":{"android":{"alert":"\u60a8\u597d\uff0c\u6709\u533b\u751f\u5728\u547c\u53eb\u60a8\uff01","title":"\u4e91\u533b\u89c6\u8baf","extras":{"userId":"3"}},"ios":{"alert":"\u60a8\u597d\uff0c\u6709\u533b\u751f\u5728\u547c\u53eb\u60a8\uff01","sound":"default","badge":"+1","extras":{"userId":"3","doctorId":"4"}}},"options":{"apns_production":false}}, times:1
Send GET https://report.jpush.cn/v3/received?msg_ids=140fe1da9ea3de62edb, body:, times:1
Send GET https://report.jpush.cn/v3/received?msg_ids=140fe1da9ea3de62edb, body:, times:2
Send POST https://api.jpush.cn/v3/push, body:{"platform":["ios","android"],"audience":{"registration_id":["140fe1da9ea3de62edb"]},"notification":{"android":{"alert":"\u60a8\u597d\uff0c\u6709\u533b\u751f\u5728\u547c\u53eb\u60a8\uff01","title":"\u4e91\u533b\u89c6\u8baf","extras":{"userId":"3"}},"ios":{"alert":"\u60a8\u597d\uff0c\u6709\u533b\u751f\u5728\u547c\u53eb\u60a8\uff01","sound":"default","badge":"+1","extras":{"userId":"3","doctorId":"4"}}},"options":{"apns_production":false}}, times:1
Send GET https://report.jpush.cn/v3/received?msg_ids=140fe1da9ea3de62edb, body:, times:1
Send GET https://report.jpush.cn/v3/received?msg_ids=140fe1da9ea3de62edb, body:, times:2
Send GET https://report.jpush.cn/v3/received?msg_ids=140fe1da9ea3de62edb, body:, times:3
Send POST https://api.jpush.cn/v3/push, body:{"platform":["ios","android"],"audience":{"registration_id":["140fe1da9ea3de62edb"]},"notification":{"android":{"alert":"\u60a8\u597d\uff0c\u6709\u533b\u751f\u5728\u547c\u53eb\u60a8\uff01","title":"\u4e91\u533b\u89c6\u8baf","extras":{"userId":"3"}},"ios":{"alert":"\u60a8\u597d\uff0c\u6709\u533b\u751f\u5728\u547c\u53eb\u60a8\uff01","sound":"default","badge":"+1","extras":{"userId":"3","doctorId":"4"}}},"options":{"apns_production":false}}, times:1
Send GET https://report.jpush.cn/v3/received?msg_ids=140fe1da9ea3de62edb, body:, times:1
Send POST https://api.jpush.cn/v3/push, body:{"platform":["ios","android"],"audience":{"registration_id":["140fe1da9ea3de62edb"]},"notification":{"android":{"alert":"\u60a8\u597d\uff0c\u6709\u533b\u751f\u5728\u547c\u53eb\u60a8\uff01","title":"\u4e91\u533b\u89c6\u8baf","extras":{"userId":"3"}},"ios":{"alert":"\u60a8\u597d\uff0c\u6709\u533b\u751f\u5728\u547c\u53eb\u60a8\uff01","sound":"default","badge":"+1","extras":{"userId":"3","doctorId":"4"}}},"options":{"apns_production":false}}, times:1
Send GET https://report.jpush.cn/v3/received?msg_ids=140fe1da9ea3de62edb, body:, times:1
Send POST https://api.jpush.cn/v3/push, body:{"platform":["ios","android"],"audience":{"registration_id":["140fe1da9ea3de62edb"]},"notification":{"android":{"alert":"\u60a8\u597d\uff0c\u6709\u533b\u751f\u5728\u547c\u53eb\u60a8\uff01","title":"\u4e91\u533b\u89c6\u8baf","extras":{"userId":"3"}},"ios":{"alert":"\u60a8\u597d\uff0c\u6709\u533b\u751f\u5728\u547c\u53eb\u60a8\uff01","sound":"default","badge":"+1","extras":{"userId":"3","doctorId":"4"}}},"options":{"apns_production":false}}, times:1
Send GET https://report.jpush.cn/v3/received?msg_ids=140fe1da9ea3de62edb, body:, times:1
Send POST https://api.jpush.cn/v3/push, body:{"platform":["ios","android"],"audience":{"registration_id":["140fe1da9ea3de62edb"]},"notification":{"android":{"alert":"\u60a8\u597d\uff0c\u6709\u533b\u751f\u5728\u547c\u53eb\u60a8\uff01","title":"\u4e91\u533b\u89c6\u8baf","extras":{"userId":"3"}},"ios":{"alert":"\u60a8\u597d\uff0c\u6709\u533b\u751f\u5728\u547c\u53eb\u60a8\uff01","sound":"default","badge":"+1","extras":{"userId":"3","doctorId":"4"}}},"options":{"apns_production":false}}, times:1
Send GET https://report.jpush.cn/v3/received?msg_ids=140fe1da9ea3de62edb, body:, times:1
Send POST https://api.jpush.cn/v3/push, body:{"platform":["ios","android"],"audience":{"registration_id":["140fe1da9ea3de62edb"]},"notification":{"android":{"alert":"\u60a8\u597d\uff0c\u6709\u533b\u751f\u5728\u547c\u53eb\u60a8\uff01","title":"\u4e91\u533b\u89c6\u8baf","extras":{"userId":"3"}},"ios":{"alert":"\u60a8\u597d\uff0c\u6709\u533b\u751f\u5728\u547c\u53eb\u60a8\uff01","sound":"default","badge":"+1","extras":{"userId":"3","doctorId":"4"}}},"options":{"apns_production":false}}, times:1
Send GET https://report.jpush.cn/v3/received?msg_ids=140fe1da9ea3de62edb, body:, times:1
Send POST https://api.jpush.cn/v3/push, body:{"platform":["ios","android"],"audience":{"registration_id":["140fe1da9ea3de62edb"]},"notification":{"android":{"alert":"\u60a8\u597d\uff0c\u6709\u533b\u751f\u5728\u547c\u53eb\u60a8\uff01","title":"\u4e91\u533b\u89c6\u8baf","extras":{"userId":"3"}},"ios":{"alert":"\u60a8\u597d\uff0c\u6709\u533b\u751f\u5728\u547c\u53eb\u60a8\uff01","sound":"default","badge":"+1","extras":{"userId":"3","doctorId":"4"}}},"options":{"apns_production":false}}, times:1
Send GET https://report.jpush.cn/v3/received?msg_ids=140fe1da9ea3de62edb, body:, times:1
Send POST https://api.jpush.cn/v3/push, body:{"platform":["ios","android"],"audience":{"registration_id":["140fe1da9ea3de62edb"]},"notification":{"android":{"alert":"\u60a8\u597d\uff0c\u6709\u533b\u751f\u5728\u547c\u53eb\u60a8\uff01","title":"\u4e91\u533b\u89c6\u8baf","extras":{"userId":"3"}},"ios":{"alert":"\u60a8\u597d\uff0c\u6709\u533b\u751f\u5728\u547c\u53eb\u60a8\uff01","sound":"default","badge":"+1","extras":{"userId":"3","doctorId":"4"}}},"options":{"apns_production":false}}, times:1
Send GET https://report.jpush.cn/v3/received?msg_ids=140fe1da9ea3de62edb, body:, times:1
Send POST https://api.jpush.cn/v3/push, body:{"platform":["ios","android"],"audience":{"registration_id":["140fe1da9ea3de62edb"]},"notification":{"android":{"alert":"\u60a8\u597d\uff0c\u6709\u533b\u751f\u5728\u547c\u53eb\u60a8\uff01","title":"\u4e91\u533b\u89c6\u8baf","extras":{"userId":"3"}},"ios":{"alert":"\u60a8\u597d\uff0c\u6709\u533b\u751f\u5728\u547c\u53eb\u60a8\uff01","sound":"default","badge":"+1","extras":{"userId":"3","doctorId":"4"}}},"options":{"apns_production":false}}, times:1
Send GET https://report.jpush.cn/v3/received?msg_ids=140fe1da9ea3de62edb, body:, times:1
Send GET https://report.jpush.cn/v3/received?msg_ids=140fe1da9ea3de62edb, body:, times:2
Send GET https://report.jpush.cn/v3/received?msg_ids=140fe1da9ea3de62edb, body:, times:3
Send POST https://api.jpush.cn/v3/push, body:{"platform":["ios","android"],"audience":{"registration_id":["1517bfd3f7cef28fd93"]},"notification":{"android":{"alert":"\u60a8\u597d\uff0c\u6709\u533b\u751f\u5728\u547c\u53eb\u60a8\uff01","title":"\u4e91\u533b\u89c6\u8baf","extras":{"userId":"6"}},"ios":{"alert":"\u60a8\u597d\uff0c\u6709\u533b\u751f\u5728\u547c\u53eb\u60a8\uff01","sound":"default","badge":"+1","extras":{"userId":"6","doctorId":"4"}}},"options":{"apns_production":false}}, times:1
Send GET https://report.jpush.cn/v3/received?msg_ids=1517bfd3f7cef28fd93, body:, times:1
Send POST https://api.jpush.cn/v3/push, body:{"platform":["ios","android"],"audience":{"registration_id":["1517bfd3f7cef28fd93"]},"notification":{"android":{"alert":"\u60a8\u597d\uff0c\u6709\u533b\u751f\u5728\u547c\u53eb\u60a8\uff01","title":"\u4e91\u533b\u89c6\u8baf","extras":{"userId":"6"}},"ios":{"alert":"\u60a8\u597d\uff0c\u6709\u533b\u751f\u5728\u547c\u53eb\u60a8\uff01","sound":"default","badge":"+1","extras":{"userId":"6","doctorId":"4"}}},"options":{"apns_production":false}}, times:1
Send GET https://report.jpush.cn/v3/received?msg_ids=1517bfd3f7cef28fd93, body:, times:1
Send POST https://api.jpush.cn/v3/push, body:{"platform":["ios","android"],"audience":{"registration_id":["1517bfd3f7cef28fd93"]},"notification":{"android":{"alert":"\u60a8\u597d\uff0c\u6709\u533b\u751f\u5728\u547c\u53eb\u60a8\uff01","title":"\u4e91\u533b\u89c6\u8baf","extras":{"userId":"6"}},"ios":{"alert":"\u60a8\u597d\uff0c\u6709\u533b\u751f\u5728\u547c\u53eb\u60a8\uff01","sound":"default","badge":"+1","extras":{"userId":"6","doctorId":"4"}}},"options":{"apns_production":false}}, times:1
Send GET https://report.jpush.cn/v3/received?msg_ids=1517bfd3f7cef28fd93, body:, times:1
Send GET https://report.jpush.cn/v3/received?msg_ids=1517bfd3f7cef28fd93, body:, times:2
Send POST https://api.jpush.cn/v3/push, body:{"platform":["ios","android"],"audience":{"registration_id":["18171adc03045d433d7"]},"notification":{"android":{"alert":"\u60a8\u597d\uff0c\u6709\u533b\u751f\u5728\u547c\u53eb\u60a8\uff01","title":"\u4e91\u533b\u89c6\u8baf","extras":{"userId":"5"}},"ios":{"alert":"\u60a8\u597d\uff0c\u6709\u533b\u751f\u5728\u547c\u53eb\u60a8\uff01","sound":"default","badge":"+1","extras":{"userId":"5","doctorId":"4"}}},"options":{"apns_production":false}}, times:1
Send POST https://api.jpush.cn/v3/push, body:{"platform":["ios","android"],"audience":{"registration_id":["18171adc03045d433d7"]},"notification":{"android":{"alert":"\u60a8\u597d\uff0c\u6709\u533b\u751f\u5728\u547c\u53eb\u60a8\uff01","title":"\u4e91\u533b\u89c6\u8baf","extras":{"userId":"5"}},"ios":{"alert":"\u60a8\u597d\uff0c\u6709\u533b\u751f\u5728\u547c\u53eb\u60a8\uff01","sound":"default","badge":"+1","extras":{"userId":"5","doctorId":"4"}}},"options":{"apns_production":false}}, times:1
Send POST https://api.jpush.cn/v3/push, body:{"platform":["ios","android"],"audience":{"registration_id":["18171adc03045d433d7"]},"notification":{"android":{"alert":"\u60a8\u597d\uff0c\u6709\u533b\u751f\u5728\u547c\u53eb\u60a8\uff01","title":"\u4e91\u533b\u89c6\u8baf","extras":{"userId":"5"}},"ios":{"alert":"\u60a8\u597d\uff0c\u6709\u533b\u751f\u5728\u547c\u53eb\u60a8\uff01","sound":"default","badge":"+1","extras":{"userId":"5","doctorId":"4"}}},"options":{"apns_production":false}}, times:1
Send POST https://api.jpush.cn/v3/push, body:{"platform":["ios","android"],"audience":{"registration_id":["18171adc03045d433d7"]},"notification":{"android":{"alert":"\u60a8\u597d\uff0c\u6709\u533b\u751f\u5728\u547c\u53eb\u60a8\uff01","title":"\u4e91\u533b\u89c6\u8baf","extras":{"userId":"5"}},"ios":{"alert":"\u60a8\u597d\uff0c\u6709\u533b\u751f\u5728\u547c\u53eb\u60a8\uff01","sound":"default","badge":"+1","extras":{"userId":"5","doctorId":"4"}}},"options":{"apns_production":false}}, times:1
Send POST https://api.jpush.cn/v3/push, body:{"platform":["ios","android"],"audience":{"registration_id":["18171adc03045d433d7"]},"notification":{"android":{"alert":"\u60a8\u597d\uff0c\u6709\u533b\u751f\u5728\u547c\u53eb\u60a8\uff01","title":"\u4e91\u533b\u89c6\u8baf","extras":{"userId":"5"}},"ios":{"alert":"\u60a8\u597d\uff0c\u6709\u533b\u751f\u5728\u547c\u53eb\u60a8\uff01","sound":"default","badge":"+1","extras":{"userId":"5","doctorId":"4"}}},"options":{"apns_production":false}}, times:1
Send POST https://api.jpush.cn/v3/push, body:{"platform":["ios","android"],"audience":{"registration_id":["18171adc03045d433d7"]},"notification":{"android":{"alert":"\u60a8\u597d\uff0c\u6709\u533b\u751f\u5728\u547c\u53eb\u60a8\uff01","title":"\u4e91\u533b\u89c6\u8baf","extras":{"userId":"5"}},"ios":{"alert":"\u60a8\u597d\uff0c\u6709\u533b\u751f\u5728\u547c\u53eb\u60a8\uff01","sound":"default","badge":"+1","extras":{"userId":"5","doctorId":"4"}}},"options":{"apns_production":false}}, times:1
Send POST https://api.jpush.cn/v3/push, body:{"platform":["ios","android"],"audience":{"registration_id":["18171adc03045d433d7"]},"notification":{"android":{"alert":"\u60a8\u597d\uff0c\u6709\u533b\u751f\u5728\u547c\u53eb\u60a8\uff01","title":"\u4e91\u533b\u89c6\u8baf","extras":{"userId":"5"}},"ios":{"alert":"\u60a8\u597d\uff0c\u6709\u533b\u751f\u5728\u547c\u53eb\u60a8\uff01","sound":"default","badge":"+1","extras":{"userId":"5","doctorId":"4"}}},"options":{"apns_production":false}}, times:1
Send POST https://api.jpush.cn/v3/push, body:{"platform":["ios","android"],"audience":{"registration_id":["18171adc03045d433d7"]},"notification":{"android":{"alert":"\u60a8\u597d\uff0c\u6709\u533b\u751f\u5728\u547c\u53eb\u60a8\uff01","title":"\u4e91\u533b\u89c6\u8baf","extras":{"userId":"5"}},"ios":{"alert":"\u60a8\u597d\uff0c\u6709\u533b\u751f\u5728\u547c\u53eb\u60a8\uff01","sound":"default","badge":"+1","extras":{"userId":"5","doctorId":"4"}}},"options":{"apns_production":false}}, times:1
Send POST https://api.jpush.cn/v3/push, body:{"platform":["ios","android"],"audience":{"registration_id":["18171adc03045d433d7"]},"notification":{"android":{"alert":"\u60a8\u597d\uff0c\u6709\u533b\u751f\u5728\u547c\u53eb\u60a8\uff01","title":"\u4e91\u533b\u89c6\u8baf","extras":{"userId":"5"}},"ios":{"alert":"\u60a8\u597d\uff0c\u6709\u533b\u751f\u5728\u547c\u53eb\u60a8\uff01","sound":"default","badge":"+1","extras":{"userId":"5","doctorId":"4"}}},"options":{"apns_production":false}}, times:1
Send POST https://api.jpush.cn/v3/push, body:{"platform":["ios","android"],"audience":{"registration_id":["18171adc03045d433d7"]},"notification":{"android":{"alert":"\u60a8\u597d\uff0c\u6709\u533b\u751f\u5728\u547c\u53eb\u60a8\uff01","title":"\u4e91\u533b\u89c6\u8baf","extras":{"userId":"5"}},"ios":{"alert":"\u60a8\u597d\uff0c\u6709\u533b\u751f\u5728\u547c\u53eb\u60a8\uff01","sound":"default","badge":"+1","extras":{"userId":"5","doctorId":"4"}}},"options":{"apns_production":false}}, times:1
Send POST https://api.jpush.cn/v3/push, body:{"platform":["ios","android"],"audience":{"registration_id":["18171adc03045d433d7"]},"notification":{"android":{"alert":"\u60a8\u597d\uff0c\u6709\u533b\u751f\u5728\u547c\u53eb\u60a8\uff01","title":"\u4e91\u533b\u89c6\u8baf","extras":{"userId":"5"}},"ios":{"alert":"\u60a8\u597d\uff0c\u6709\u533b\u751f\u5728\u547c\u53eb\u60a8\uff01","sound":"default","badge":"+1","extras":{"userId":"5","doctorId":"4"}}},"options":{"apns_production":false}}, times:1
Send POST https://api.jpush.cn/v3/push, body:{"platform":["ios","android"],"audience":{"registration_id":["18171adc03045d433d7"]},"notification":{"android":{"alert":"\u60a8\u597d\uff0c\u6709\u533b\u751f\u5728\u547c\u53eb\u60a8\uff01","title":"\u4e91\u533b\u89c6\u8baf","extras":{"userId":"5"}},"ios":{"alert":"\u60a8\u597d\uff0c\u6709\u533b\u751f\u5728\u547c\u53eb\u60a8\uff01","sound":"default","badge":"+1","extras":{"userId":"5","doctorId":"4"}}},"options":{"apns_production":false}}, times:1
Send POST https://api.jpush.cn/v3/push, body:{"platform":["ios","android"],"audience":{"registration_id":["18171adc03045d433d7"]},"notification":{"android":{"alert":"\u60a8\u597d\uff0c\u6709\u533b\u751f\u5728\u547c\u53eb\u60a8\uff01","title":"\u4e91\u533b\u89c6\u8baf","extras":{"userId":"5"}},"ios":{"alert":"\u60a8\u597d\uff0c\u6709\u533b\u751f\u5728\u547c\u53eb\u60a8\uff01","sound":"default","badge":"+1","extras":{"userId":"5","doctorId":"4"}}},"options":{"apns_production":false}}, times:1
Send POST https://api.jpush.cn/v3/push, body:{"platform":["ios","android"],"audience":{"registration_id":["18171adc03045d433d7"]},"notification":{"android":{"alert":"\u60a8\u597d\uff0c\u6709\u533b\u751f\u5728\u547c\u53eb\u60a8\uff01","title":"\u4e91\u533b\u89c6\u8baf","extras":{"userId":"5"}},"ios":{"alert":"\u60a8\u597d\uff0c\u6709\u533b\u751f\u5728\u547c\u53eb\u60a8\uff01","sound":"default","badge":"+1","extras":{"userId":"5","doctorId":"4"}}},"options":{"apns_production":false}}, times:1
Send POST https://api.jpush.cn/v3/push, body:{"platform":["ios","android"],"audience":{"registration_id":["18171adc03045d433d7"]},"notification":{"android":{"alert":"\u60a8\u597d\uff0c\u6709\u533b\u751f\u5728\u547c\u53eb\u60a8\uff01","title":"\u4e91\u533b\u89c6\u8baf","extras":{"userId":"5"}},"ios":{"alert":"\u60a8\u597d\uff0c\u6709\u533b\u751f\u5728\u547c\u53eb\u60a8\uff01","sound":"default","badge":"+1","extras":{"userId":"5","doctorId":"4"}}},"options":{"apns_production":false}}, times:1
Send POST https://api.jpush.cn/v3/push, body:{"platform":["ios","android"],"audience":{"registration_id":["18171adc03045d433d7"]},"notification":{"android":{"alert":"\u60a8\u597d\uff0c\u6709\u533b\u751f\u5728\u547c\u53eb\u60a8\uff01","title":"\u4e91\u533b\u89c6\u8baf","extras":{"userId":"5"}},"ios":{"alert":"\u60a8\u597d\uff0c\u6709\u533b\u751f\u5728\u547c\u53eb\u60a8\uff01","sound":"default","badge":"+1","extras":{"userId":"5","doctorId":"4"}}},"options":{"apns_production":false}}, times:1
Send POST https://api.jpush.cn/v3/push, body:{"platform":["ios","android"],"audience":{"registration_id":["18171adc03045d433d7"]},"notification":{"android":{"alert":"\u60a8\u597d\uff0c\u6709\u533b\u751f\u5728\u547c\u53eb\u60a8\uff01","title":"\u4e91\u533b\u89c6\u8baf","extras":{"userId":"5"}},"ios":{"alert":"\u60a8\u597d\uff0c\u6709\u533b\u751f\u5728\u547c\u53eb\u60a8\uff01","sound":"default","badge":"+1","extras":{"userId":"5","doctorId":"4"}}},"options":{"apns_production":false}}, times:1
Send POST https://api.jpush.cn/v3/push, body:{"platform":["ios","android"],"audience":{"registration_id":["18171adc03045d433d7"]},"notification":{"android":{"alert":"\u60a8\u597d\uff0c\u6709\u533b\u751f\u5728\u547c\u53eb\u60a8\uff01","title":"\u4e91\u533b\u89c6\u8baf","extras":{"userId":"5"}},"ios":{"alert":"\u60a8\u597d\uff0c\u6709\u533b\u751f\u5728\u547c\u53eb\u60a8\uff01","sound":"default","badge":"+1","extras":{"userId":"5","doctorId":"4"}}},"options":{"apns_production":false}}, times:1
Send POST https://api.jpush.cn/v3/push, body:{"platform":["ios","android"],"audience":{"registration_id":["18171adc03045d433d7"]},"notification":{"android":{"alert":"\u60a8\u597d\uff0c\u6709\u533b\u751f\u5728\u547c\u53eb\u60a8\uff01","title":"\u4e91\u533b\u89c6\u8baf","extras":{"userId":"5"}},"ios":{"alert":"\u60a8\u597d\uff0c\u6709\u533b\u751f\u5728\u547c\u53eb\u60a8\uff01","sound":"default","badge":"+1","extras":{"userId":"5","doctorId":"4"}}},"options":{"apns_production":false}}, times:1
Send POST https://api.jpush.cn/v3/push, body:{"platform":["ios","android"],"audience":{"registration_id":["18171adc03045d433d7"]},"notification":{"android":{"alert":"\u60a8\u597d\uff0c\u6709\u533b\u751f\u5728\u547c\u53eb\u60a8\uff01","title":"\u4e91\u533b\u89c6\u8baf","extras":{"userId":"5"}},"ios":{"alert":"\u60a8\u597d\uff0c\u6709\u533b\u751f\u5728\u547c\u53eb\u60a8\uff01","sound":"default","badge":"+1","extras":{"userId":"5","doctorId":"4"}}},"options":{"apns_production":false}}, times:1
Send POST https://api.jpush.cn/v3/push, body:{"platform":["ios","android"],"audience":{"registration_id":["18171adc03045d433d7"]},"notification":{"android":{"alert":"\u60a8\u597d\uff0c\u6709\u533b\u751f\u5728\u547c\u53eb\u60a8\uff01","title":"\u4e91\u533b\u89c6\u8baf","extras":{"userId":"5"}},"ios":{"alert":"\u60a8\u597d\uff0c\u6709\u533b\u751f\u5728\u547c\u53eb\u60a8\uff01","sound":"default","badge":"+1","extras":{"userId":"5","doctorId":"4"}}},"options":{"apns_production":false}}, times:1
Send POST https://api.jpush.cn/v3/push, body:{"platform":["ios","android"],"audience":{"registration_id":["18171adc03045d433d7"]},"notification":{"android":{"alert":"\u60a8\u597d\uff0c\u6709\u533b\u751f\u5728\u547c\u53eb\u60a8\uff01","title":"\u4e91\u533b\u89c6\u8baf","extras":{"userId":"5"}},"ios":{"alert":"\u60a8\u597d\uff0c\u6709\u533b\u751f\u5728\u547c\u53eb\u60a8\uff01","sound":"default","badge":"+1","extras":{"userId":"5","doctorId":"4"}}},"options":{"apns_production":false}}, times:1
Send POST https://api.jpush.cn/v3/push, body:{"platform":["ios","android"],"audience":{"registration_id":["18171adc03045d433d7"]},"notification":{"android":{"alert":"\u60a8\u597d\uff0c\u6709\u533b\u751f\u5728\u547c\u53eb\u60a8\uff01","title":"\u4e91\u533b\u89c6\u8baf","extras":{"userId":"5"}},"ios":{"alert":"\u60a8\u597d\uff0c\u6709\u533b\u751f\u5728\u547c\u53eb\u60a8\uff01","sound":"default","badge":"+1","extras":{"userId":"5","doctorId":"4"}}},"options":{"apns_production":false}}, times:1
Send POST https://api.jpush.cn/v3/push, body:{"platform":["ios","android"],"audience":{"registration_id":["18171adc03045d433d7"]},"notification":{"android":{"alert":"\u60a8\u597d\uff0c\u6709\u533b\u751f\u5728\u547c\u53eb\u60a8\uff01","title":"\u4e91\u533b\u89c6\u8baf","extras":{"userId":"5"}},"ios":{"alert":"\u60a8\u597d\uff0c\u6709\u533b\u751f\u5728\u547c\u53eb\u60a8\uff01","sound":"default","badge":"+1","extras":{"userId":"5","doctorId":"4"}}},"options":{"apns_production":false}}, times:1
Send POST https://api.jpush.cn/v3/push, body:{"platform":["ios","android"],"audience":{"registration_id":["18171adc030450ff337"]},"notification":{"android":{"alert":"\u60a8\u597d\uff0c\u6709\u533b\u751f\u5728\u547c\u53eb\u60a8\uff01","title":"\u4e91\u533b\u89c6\u8baf","extras":{"userId":"7"}},"ios":{"alert":"\u60a8\u597d\uff0c\u6709\u533b\u751f\u5728\u547c\u53eb\u60a8\uff01","sound":"default","badge":"+1","extras":{"userId":"7","doctorId":"4"}}},"options":{"apns_production":false}}, times:1
Send POST https://api.jpush.cn/v3/push, body:{"platform":["ios","android"],"audience":{"registration_id":["18171adc030450ff337"]},"notification":{"android":{"alert":"\u60a8\u597d\uff0c\u6709\u533b\u751f\u5728\u547c\u53eb\u60a8\uff01","title":"\u4e91\u533b\u89c6\u8baf","extras":{"userId":"7"}},"ios":{"alert":"\u60a8\u597d\uff0c\u6709\u533b\u751f\u5728\u547c\u53eb\u60a8\uff01","sound":"default","badge":"+1","extras":{"userId":"7","doctorId":"4"}}},"options":{"apns_production":false}}, times:1
Send POST https://api.jpush.cn/v3/push, body:{"platform":["ios","android"],"audience":{"registration_id":["18171adc030450ff337"]},"notification":{"android":{"alert":"\u60a8\u597d\uff0c\u6709\u533b\u751f\u5728\u547c\u53eb\u60a8\uff01","title":"\u4e91\u533b\u89c6\u8baf","extras":{"userId":"7"}},"ios":{"alert":"\u60a8\u597d\uff0c\u6709\u533b\u751f\u5728\u547c\u53eb\u60a8\uff01","sound":"default","badge":"+1","extras":{"userId":"7","doctorId":"4"}}},"options":{"apns_production":false}}, times:1
Send POST https://api.jpush.cn/v3/push, body:{"platform":["ios","android"],"audience":{"registration_id":["18171adc030450ff337"]},"notification":{"android":{"alert":"\u60a8\u597d\uff0c\u6709\u533b\u751f\u5728\u547c\u53eb\u60a8\uff01","title":"\u4e91\u533b\u89c6\u8baf","extras":{"userId":"7"}},"ios":{"alert":"\u60a8\u597d\uff0c\u6709\u533b\u751f\u5728\u547c\u53eb\u60a8\uff01","sound":"default","badge":"+1","extras":{"userId":"7","doctorId":"4"}}},"options":{"apns_production":false}}, times:1
Send POST https://api.jpush.cn/v3/push, body:{"platform":["ios","android"],"audience":{"registration_id":["1517bfd3f7cef28fd93"]},"notification":{"android":{"alert":"\u60a8\u597d\uff0c\u6709\u533b\u751f\u5728\u547c\u53eb\u60a8\uff01","title":"\u4e91\u533b\u89c6\u8baf","extras":{"userId":"6"}},"ios":{"alert":"\u60a8\u597d\uff0c\u6709\u533b\u751f\u5728\u547c\u53eb\u60a8\uff01","sound":"default","badge":"+1","extras":{"userId":"6","doctorId":"4"}}},"options":{"apns_production":false}}, times:1
