[ 2016-08-10T15:21:00+08:00 ] 0.0.0.0 /videotreat/home.php/common/indexpage/css/bootstrap.css
ERR: 无法加载模块:common

[ 2016-08-10T15:21:00+08:00 ] 0.0.0.0 /videotreat/home.php/common/indexpage/css/styleindex.css
ERR: 无法加载模块:common

[ 2016-08-10T15:21:08+08:00 ] 0.0.0.0 /videotreat/home.php/common/indexpage/css/bootstrap.css
ERR: 无法加载模块:common

[ 2016-08-10T15:21:08+08:00 ] 0.0.0.0 /videotreat/home.php/common/indexpage/css/styleindex.css
ERR: 无法加载模块:common

[ 2016-08-10T15:22:34+08:00 ] 0.0.0.0 /videotreat/home.php/common/indexpage/css/styleindex.css
ERR: 无法加载模块:common

[ 2016-08-10T15:37:30+08:00 ] 0.0.0.0 /videotreat/home.php/common/indexpage/js/jquery-1.11.1.min.js
ERR: 无法加载模块:common

[ 2016-08-10T15:37:30+08:00 ] 0.0.0.0 /videotreat/home.php/common/indexpage/js/responsiveslides.min.js
ERR: 无法加载模块:common

[ 2016-08-10T15:37:30+08:00 ] 0.0.0.0 /videotreat/home.php/common/indexpage/js/jquery.easydropdown.js
ERR: 无法加载模块:common

[ 2016-08-10T15:38:37+08:00 ] 0.0.0.0 /videotreat/home.php/checkdoctor.action
INFO: [ app_begin ] --START--
INFO: ReadHtmlCache Behavior ::run [ RunTime:0.000947s ]
INFO: [ app_begin ] --END-- [ RunTime:0.001084s ]
NOTIC: [8] Undefined variable: group E:\wamp\www\videotreat\library\ThinkPHP\Lib\Core\App.class.php 第 102 行.
ERR: 无法加载模块:checkdoctor.action

[ 2016-08-10T15:40:08+08:00 ] 0.0.0.0 /videotreat/home.php/checkdoctor.action
INFO: [ app_begin ] --START--
INFO: ReadHtmlCache Behavior ::run [ RunTime:0.000865s ]
INFO: [ app_begin ] --END-- [ RunTime:0.000996s ]
NOTIC: [8] Undefined variable: group E:\wamp\www\videotreat\library\ThinkPHP\Lib\Core\App.class.php 第 102 行.
ERR: 无法加载模块:checkdoctor.action

[ 2016-08-10T15:46:35+08:00 ] 0.0.0.0 /videotreat/home.php/checkdoctor.action
INFO: [ app_begin ] --START--
INFO: ReadHtmlCache Behavior ::run [ RunTime:0.000809s ]
INFO: [ app_begin ] --END-- [ RunTime:0.000931s ]
NOTIC: [8] Undefined variable: group E:\wamp\www\videotreat\library\ThinkPHP\Lib\Core\App.class.php 第 102 行.
ERR: 无法加载模块:checkdoctor.action

[ 2016-08-10T15:46:38+08:00 ] 0.0.0.0 /videotreat/home.php/docHistory.action
INFO: [ app_begin ] --START--
INFO: ReadHtmlCache Behavior ::run [ RunTime:0.000881s ]
INFO: [ app_begin ] --END-- [ RunTime:0.001000s ]
NOTIC: [8] Undefined variable: group E:\wamp\www\videotreat\library\ThinkPHP\Lib\Core\App.class.php 第 102 行.
ERR: 无法加载模块:docHistory.action

[ 2016-08-10T15:46:41+08:00 ] 0.0.0.0 /videotreat/home.php/dstate.action
INFO: [ app_begin ] --START--
INFO: ReadHtmlCache Behavior ::run [ RunTime:0.001477s ]
INFO: [ app_begin ] --END-- [ RunTime:0.001601s ]
NOTIC: [8] Undefined variable: group E:\wamp\www\videotreat\library\ThinkPHP\Lib\Core\App.class.php 第 102 行.
ERR: 无法加载模块:dstate.action

[ 2016-08-10T15:47:18+08:00 ] 0.0.0.0 /videotreat/home.php/checkdoctor.action
INFO: [ app_begin ] --START--
INFO: ReadHtmlCache Behavior ::run [ RunTime:0.000933s ]
INFO: [ app_begin ] --END-- [ RunTime:0.001076s ]
NOTIC: [8] Undefined variable: group E:\wamp\www\videotreat\library\ThinkPHP\Lib\Core\App.class.php 第 102 行.
ERR: 无法加载模块:checkdoctor.action

[ 2016-08-10T16:03:33+08:00 ] 0.0.0.0 /videotreat/home.php/dstate.action
INFO: [ app_begin ] --START--
INFO: ReadHtmlCache Behavior ::run [ RunTime:0.000807s ]
INFO: [ app_begin ] --END-- [ RunTime:0.000925s ]
NOTIC: [8] Undefined variable: group E:\wamp\www\videotreat\library\ThinkPHP\Lib\Core\App.class.php 第 102 行.
ERR: 无法加载模块:dstate.action

[ 2016-08-10T16:15:44+08:00 ] 0.0.0.0 /videotreat/home.php/checkdoctor.action
INFO: [ app_begin ] --START--
INFO: ReadHtmlCache Behavior ::run [ RunTime:0.000959s ]
INFO: [ app_begin ] --END-- [ RunTime:0.001141s ]
NOTIC: [8] Undefined variable: group E:\wamp\www\videotreat\library\ThinkPHP\Lib\Core\App.class.php 第 102 行.
ERR: 无法加载模块:checkdoctor.action

[ 2016-08-10T16:15:47+08:00 ] 0.0.0.0 /videotreat/home.php/checkdoctor.action
INFO: [ app_begin ] --START--
INFO: ReadHtmlCache Behavior ::run [ RunTime:0.001392s ]
INFO: [ app_begin ] --END-- [ RunTime:0.001637s ]
NOTIC: [8] Undefined variable: group E:\wamp\www\videotreat\library\ThinkPHP\Lib\Core\App.class.php 第 102 行.
ERR: 无法加载模块:checkdoctor.action

[ 2016-08-10T16:16:10+08:00 ] 0.0.0.0 /videotreat/home.php/checkdoctor.action
INFO: [ app_begin ] --START--
INFO: ReadHtmlCache Behavior ::run [ RunTime:0.001808s ]
INFO: [ app_begin ] --END-- [ RunTime:0.002032s ]
NOTIC: [8] Undefined variable: group E:\wamp\www\videotreat\library\ThinkPHP\Lib\Core\App.class.php 第 102 行.
ERR: 无法加载模块:checkdoctor.action

[ 2016-08-10T16:16:44+08:00 ] 0.0.0.0 /videotreat/home.php/checkdoctor.action
INFO: [ app_begin ] --START--
INFO: ReadHtmlCache Behavior ::run [ RunTime:0.000891s ]
INFO: [ app_begin ] --END-- [ RunTime:0.001022s ]
NOTIC: [8] Undefined variable: group E:\wamp\www\videotreat\library\ThinkPHP\Lib\Core\App.class.php 第 102 行.
ERR: 无法加载模块:checkdoctor.action

[ 2016-08-10T16:17:12+08:00 ] 0.0.0.0 /videotreat/home.php/checkdoctor.action
INFO: [ app_begin ] --START--
INFO: ReadHtmlCache Behavior ::run [ RunTime:0.000793s ]
INFO: [ app_begin ] --END-- [ RunTime:0.000908s ]
NOTIC: [8] Undefined variable: group E:\wamp\www\videotreat\library\ThinkPHP\Lib\Core\App.class.php 第 102 行.
ERR: 无法加载模块:checkdoctor.action

[ 2016-08-10T16:17:58+08:00 ] 0.0.0.0 /videotreat/home.php/checkdoctor.action
INFO: [ app_begin ] --START--
INFO: ReadHtmlCache Behavior ::run [ RunTime:0.000745s ]
INFO: [ app_begin ] --END-- [ RunTime:0.000886s ]
NOTIC: [8] Undefined variable: group E:\wamp\www\videotreat\library\ThinkPHP\Lib\Core\App.class.php 第 102 行.
ERR: 无法加载模块:checkdoctor.action

[ 2016-08-10T16:18:06+08:00 ] 0.0.0.0 /videotreat/home.php/checkdoctor.action
INFO: [ app_begin ] --START--
INFO: ReadHtmlCache Behavior ::run [ RunTime:0.004707s ]
INFO: [ app_begin ] --END-- [ RunTime:0.004926s ]
NOTIC: [8] Undefined variable: group E:\wamp\www\videotreat\library\ThinkPHP\Lib\Core\App.class.php 第 102 行.
ERR: 无法加载模块:checkdoctor.action

[ 2016-08-10T16:18:14+08:00 ] 0.0.0.0 /videotreat/home.php/checkdoctor.action
INFO: [ app_begin ] --START--
INFO: ReadHtmlCache Behavior ::run [ RunTime:0.001472s ]
INFO: [ app_begin ] --END-- [ RunTime:0.001683s ]
NOTIC: [8] Undefined variable: group E:\wamp\www\videotreat\library\ThinkPHP\Lib\Core\App.class.php 第 102 行.
ERR: 无法加载模块:checkdoctor.action

[ 2016-08-10T16:18:21+08:00 ] 0.0.0.0 /videotreat/home.php/checkdoctor.action
INFO: [ app_begin ] --START--
INFO: ReadHtmlCache Behavior ::run [ RunTime:0.001115s ]
INFO: [ app_begin ] --END-- [ RunTime:0.001330s ]
NOTIC: [8] Undefined variable: group E:\wamp\www\videotreat\library\ThinkPHP\Lib\Core\App.class.php 第 102 行.
ERR: 无法加载模块:checkdoctor.action

[ 2016-08-10T16:21:06+08:00 ] 0.0.0.0 /videotreat/home.php/checkdoctor.action
INFO: [ app_begin ] --START--
INFO: ReadHtmlCache Behavior ::run [ RunTime:0.001407s ]
INFO: [ app_begin ] --END-- [ RunTime:0.001657s ]
NOTIC: [8] Undefined variable: group E:\wamp\www\videotreat\library\ThinkPHP\Lib\Core\App.class.php 第 102 行.
ERR: 无法加载模块:checkdoctor.action

[ 2016-08-10T16:22:39+08:00 ] 0.0.0.0 /videotreat/home.php/checkdoctor.action
INFO: [ app_begin ] --START--
INFO: ReadHtmlCache Behavior ::run [ RunTime:0.001123s ]
INFO: [ app_begin ] --END-- [ RunTime:0.001306s ]
NOTIC: [8] Undefined variable: group E:\wamp\www\videotreat\library\ThinkPHP\Lib\Core\App.class.php 第 102 行.
ERR: 无法加载模块:checkdoctor.action

[ 2016-08-10T16:22:41+08:00 ] 0.0.0.0 /videotreat/home.php/checkdoctor.action
INFO: [ app_begin ] --START--
INFO: ReadHtmlCache Behavior ::run [ RunTime:0.001012s ]
INFO: [ app_begin ] --END-- [ RunTime:0.001199s ]
NOTIC: [8] Undefined variable: group E:\wamp\www\videotreat\library\ThinkPHP\Lib\Core\App.class.php 第 102 行.
ERR: 无法加载模块:checkdoctor.action

[ 2016-08-10T16:23:01+08:00 ] 0.0.0.0 /videotreat/home.php/checkdoctor.action
INFO: [ app_begin ] --START--
INFO: ReadHtmlCache Behavior ::run [ RunTime:0.001117s ]
INFO: [ app_begin ] --END-- [ RunTime:0.001327s ]
NOTIC: [8] Undefined variable: group E:\wamp\www\videotreat\library\ThinkPHP\Lib\Core\App.class.php 第 102 行.
ERR: 无法加载模块:checkdoctor.action

[ 2016-08-10T16:23:11+08:00 ] 0.0.0.0 /videotreat/home.php/checkdoctor.action
INFO: [ app_begin ] --START--
INFO: ReadHtmlCache Behavior ::run [ RunTime:0.003034s ]
INFO: [ app_begin ] --END-- [ RunTime:0.003370s ]
NOTIC: [8] Undefined variable: group E:\wamp\www\videotreat\library\ThinkPHP\Lib\Core\App.class.php 第 102 行.
ERR: 无法加载模块:checkdoctor.action

[ 2016-08-10T16:24:33+08:00 ] 0.0.0.0 /videotreat/home.php/checkdoctor.action
INFO: [ app_begin ] --START--
INFO: ReadHtmlCache Behavior ::run [ RunTime:0.000995s ]
INFO: [ app_begin ] --END-- [ RunTime:0.001160s ]
NOTIC: [8] Undefined variable: group E:\wamp\www\videotreat\library\ThinkPHP\Lib\Core\App.class.php 第 102 行.
ERR: 无法加载模块:checkdoctor.action

[ 2016-08-10T16:24:46+08:00 ] 0.0.0.0 /videotreat/home.php/checkdoctor.action
INFO: [ app_begin ] --START--
INFO: ReadHtmlCache Behavior ::run [ RunTime:0.001463s ]
INFO: [ app_begin ] --END-- [ RunTime:0.001769s ]
NOTIC: [8] Undefined variable: group E:\wamp\www\videotreat\library\ThinkPHP\Lib\Core\App.class.php 第 102 行.
ERR: 无法加载模块:checkdoctor.action

[ 2016-08-10T16:32:24+08:00 ] 0.0.0.0 /videotreat/home.php/docHistory.action
INFO: [ app_begin ] --START--
INFO: ReadHtmlCache Behavior ::run [ RunTime:0.000604s ]
INFO: [ app_begin ] --END-- [ RunTime:0.000826s ]
NOTIC: [8] Undefined variable: group E:\wamp\www\videotreat\library\ThinkPHP\Lib\Core\App.class.php 第 102 行.
ERR: 无法加载模块:docHistory.action

[ 2016-08-10T16:38:03+08:00 ] 0.0.0.0 /videotreat/home.php/checkdoctor.action
INFO: [ app_begin ] --START--
INFO: ReadHtmlCache Behavior ::run [ RunTime:0.000816s ]
INFO: [ app_begin ] --END-- [ RunTime:0.000966s ]
NOTIC: [8] Undefined variable: group E:\wamp\www\videotreat\library\ThinkPHP\Lib\Core\App.class.php 第 102 行.
ERR: 无法加载模块:checkdoctor.action

[ 2016-08-10T16:38:35+08:00 ] 0.0.0.0 /videotreat/home.php/docHistory.action
INFO: [ app_begin ] --START--
INFO: ReadHtmlCache Behavior ::run [ RunTime:0.000623s ]
INFO: [ app_begin ] --END-- [ RunTime:0.000760s ]
NOTIC: [8] Undefined variable: group E:\wamp\www\videotreat\library\ThinkPHP\Lib\Core\App.class.php 第 102 行.
ERR: 无法加载模块:docHistory.action

[ 2016-08-10T16:40:29+08:00 ] 0.0.0.0 /videotreat/home.php/checkdoctor.action
INFO: [ app_begin ] --START--
INFO: ReadHtmlCache Behavior ::run [ RunTime:0.000752s ]
INFO: [ app_begin ] --END-- [ RunTime:0.000881s ]
NOTIC: [8] Undefined variable: group E:\wamp\www\videotreat\library\ThinkPHP\Lib\Core\App.class.php 第 102 行.
ERR: 无法加载模块:checkdoctor.action

[ 2016-08-10T16:48:06+08:00 ] 0.0.0.0 /videotreat/home.php/checkdoctor.action
INFO: [ app_begin ] --START--
INFO: ReadHtmlCache Behavior ::run [ RunTime:0.000974s ]
INFO: [ app_begin ] --END-- [ RunTime:0.001136s ]
NOTIC: [8] Undefined variable: group E:\wamp\www\videotreat\library\ThinkPHP\Lib\Core\App.class.php 第 102 行.
ERR: 无法加载模块:checkdoctor.action

[ 2016-08-10T16:49:14+08:00 ] 0.0.0.0 /videotreat/home.php/checkdoctor.action
INFO: [ app_begin ] --START--
INFO: ReadHtmlCache Behavior ::run [ RunTime:0.000866s ]
INFO: [ app_begin ] --END-- [ RunTime:0.001002s ]
NOTIC: [8] Undefined variable: group E:\wamp\www\videotreat\library\ThinkPHP\Lib\Core\App.class.php 第 102 行.
ERR: 无法加载模块:checkdoctor.action

[ 2016-08-10T16:51:20+08:00 ] 0.0.0.0 /videotreat/home.php/docHistory.action
INFO: [ app_begin ] --START--
INFO: ReadHtmlCache Behavior ::run [ RunTime:0.000938s ]
INFO: [ app_begin ] --END-- [ RunTime:0.001069s ]
NOTIC: [8] Undefined variable: group E:\wamp\www\videotreat\library\ThinkPHP\Lib\Core\App.class.php 第 102 行.
ERR: 无法加载模块:docHistory.action

[ 2016-08-10T16:51:21+08:00 ] 0.0.0.0 /videotreat/home.php/docHistory.action
INFO: [ app_begin ] --START--
INFO: ReadHtmlCache Behavior ::run [ RunTime:0.000714s ]
INFO: [ app_begin ] --END-- [ RunTime:0.000832s ]
NOTIC: [8] Undefined variable: group E:\wamp\www\videotreat\library\ThinkPHP\Lib\Core\App.class.php 第 102 行.
ERR: 无法加载模块:docHistory.action

[ 2016-08-10T16:51:21+08:00 ] 0.0.0.0 /videotreat/home.php/docHistory.action
INFO: [ app_begin ] --START--
INFO: ReadHtmlCache Behavior ::run [ RunTime:0.000706s ]
INFO: [ app_begin ] --END-- [ RunTime:0.000820s ]
NOTIC: [8] Undefined variable: group E:\wamp\www\videotreat\library\ThinkPHP\Lib\Core\App.class.php 第 102 行.
ERR: 无法加载模块:docHistory.action

[ 2016-08-10T16:51:22+08:00 ] 0.0.0.0 /videotreat/home.php/docHistory.action
INFO: [ app_begin ] --START--
INFO: ReadHtmlCache Behavior ::run [ RunTime:0.000919s ]
INFO: [ app_begin ] --END-- [ RunTime:0.001052s ]
NOTIC: [8] Undefined variable: group E:\wamp\www\videotreat\library\ThinkPHP\Lib\Core\App.class.php 第 102 行.
ERR: 无法加载模块:docHistory.action

[ 2016-08-10T16:51:22+08:00 ] 0.0.0.0 /videotreat/home.php/docHistory.action
INFO: [ app_begin ] --START--
INFO: ReadHtmlCache Behavior ::run [ RunTime:0.000711s ]
INFO: [ app_begin ] --END-- [ RunTime:0.000826s ]
NOTIC: [8] Undefined variable: group E:\wamp\www\videotreat\library\ThinkPHP\Lib\Core\App.class.php 第 102 行.
ERR: 无法加载模块:docHistory.action

[ 2016-08-10T16:51:22+08:00 ] 0.0.0.0 /videotreat/home.php/docHistory.action
INFO: [ app_begin ] --START--
INFO: ReadHtmlCache Behavior ::run [ RunTime:0.001598s ]
INFO: [ app_begin ] --END-- [ RunTime:0.001797s ]
NOTIC: [8] Undefined variable: group E:\wamp\www\videotreat\library\ThinkPHP\Lib\Core\App.class.php 第 102 行.
ERR: 无法加载模块:docHistory.action

[ 2016-08-10T16:51:26+08:00 ] 0.0.0.0 /videotreat/home.php/docHistory.action
INFO: [ app_begin ] --START--
INFO: ReadHtmlCache Behavior ::run [ RunTime:0.000838s ]
INFO: [ app_begin ] --END-- [ RunTime:0.000975s ]
NOTIC: [8] Undefined variable: group E:\wamp\www\videotreat\library\ThinkPHP\Lib\Core\App.class.php 第 102 行.
ERR: 无法加载模块:docHistory.action

[ 2016-08-10T17:08:27+08:00 ] 0.0.0.0 /videotreat/home.php/videoweb/uppassword.html
ERR: 无法加载模块:videoweb

[ 2016-08-10T17:23:55+08:00 ] 0.0.0.0 /videotreat/home.php/Login/modifyPassword/doctorId/1
ERR: 非法操作:modifyPassword

[ 2016-08-10T17:32:06+08:00 ] 0.0.0.0 /videotreat/Login/modifyPassword/doctorId/1
ERR: 无法加载模块:videotreat

[ 2016-08-10T17:34:56+08:00 ] 0.0.0.0 /videotreat/home.php/Login/modifyPassword/doctorId/1
ERR: 模板不存在[Application/Tpl/Login/modifyPassword.html]

[ 2016-08-10T17:35:45+08:00 ] 0.0.0.0 /videotreat/home.php/Login/modifyPassword/doctorId/1
ERR: 模板不存在[Application/Tpl/Login/modifyPassword.html]

[ 2016-08-10T17:36:23+08:00 ] 0.0.0.0 /videotreat/home.php/Login/modifyPassword/doctorId/1
ERR: 模板不存在[Application/Tpl/Login/modifyPassword.html]

[ 2016-08-10T17:38:04+08:00 ] 0.0.0.0 /videotreat/home.php/Login/modifyPassword/doctorId/1
ERR: 非法操作:modifyPassword

[ 2016-08-10T17:38:19+08:00 ] 0.0.0.0 /videotreat/home.php/Password/index/doctorId/1
ERR: 模板不存在[Application/Tpl/Password/index.html]

