[ 2016-10-18T09:58:44+08:00 ] 192.168.1.91 /videotreat_test/Interface/TreatRecordGet/index
INFO: [ route_check ] --START--
INFO: CheckRoute Behavior ::run [ RunTime:0.000710s ]
INFO: [ route_check ] --END-- [ RunTime:0.000876s ]
NOTIC: [8192] preg_replace(): The /e modifier is deprecated, use preg_replace_callback instead E:\wamp\www\videotreat_test\library\ThinkPHP\Lib\Core\Dispatcher.class.php 第 132 行.
INFO: [ app_begin ] --START--
INFO: ReadHtmlCache Behavior ::run [ RunTime:0.000698s ]
INFO: [ app_begin ] --END-- [ RunTime:0.000845s ]
NOTIC: [8] Undefined index: client E:\wamp\www\videotreat_test\App\Home\Lib\Action\Interface\TreatRecordGetAction.class.php 第 39 行.
NOTIC: [8192] mysql_connect(): The mysql extension is deprecated and will be removed in the future: use mysqli or PDO instead E:\wamp\www\videotreat_test\library\ThinkPHP\Lib\Driver\Db\DbMysql.class.php 第 55 行.
SQL: SHOW COLUMNS FROM `treat_record` [ RunTime:0.006715s ]
NOTIC: [8192] preg_replace(): The /e modifier is deprecated, use preg_replace_callback instead E:\wamp\www\videotreat_test\library\ThinkPHP\Lib\Core\Db.class.php 第 605 行.
SQL: SELECT `treatRecordId`,doctor.doctorId,base.userName,doctor.doctorName,`userComplaint`,`userHPC`,`userPMH`,`doctorSuggest`,`treatTime`,`reportCardRemark`,`reportCardDescribe`,`reportCardImage` FROM `treat_record` LEFT JOIN user_base_info as base on treat_record.userId=base.userId LEFT JOIN doctor_info as doctor on treat_record.doctorId=doctor.doctorId WHERE ( treat_record.userId=4 and treatRecordId=1 ) LIMIT 1   [ RunTime:0.007245s ]
SQL: SHOW COLUMNS FROM `doctor_info` [ RunTime:0.007446s ]
NOTIC: [8192] preg_replace(): The /e modifier is deprecated, use preg_replace_callback instead E:\wamp\www\videotreat_test\library\ThinkPHP\Lib\Core\Db.class.php 第 605 行.
SQL: SELECT `departmentName`,`hospitalName` FROM `doctor_info` LEFT JOIN department_info as d on d.departmentId=doctor_info.departmentId LEFT JOIN hospital_info as h on doctor_info.hospitalId=h.hospitalId WHERE ( doctorId=4 ) LIMIT 1   [ RunTime:0.006091s ]

[ 2016-10-18T18:23:21+08:00 ] 192.168.1.91 /videotreat/Interface/HospitalInfo/index
INFO: [ route_check ] --START--
INFO: CheckRoute Behavior ::run [ RunTime:0.000871s ]
INFO: [ route_check ] --END-- [ RunTime:0.001025s ]
NOTIC: [8192] preg_replace(): The /e modifier is deprecated, use preg_replace_callback instead E:\wamp\www\videotreat\library\ThinkPHP\Lib\Core\Dispatcher.class.php 第 132 行.
INFO: [ app_begin ] --START--
INFO: ReadHtmlCache Behavior ::run [ RunTime:0.002329s ]
INFO: [ app_begin ] --END-- [ RunTime:0.002791s ]
NOTIC: [8] Undefined index: start E:\wamp\www\videotreat\App\Home\Lib\Action\Interface\HospitalInfoAction.class.php 第 28 行.
NOTIC: [8] Undefined index: limit E:\wamp\www\videotreat\App\Home\Lib\Action\Interface\HospitalInfoAction.class.php 第 29 行.
NOTIC: [8] Undefined index: client E:\wamp\www\videotreat\App\Home\Lib\Action\Interface\HospitalInfoAction.class.php 第 30 行.
NOTIC: [8192] mysql_connect(): The mysql extension is deprecated and will be removed in the future: use mysqli or PDO instead E:\wamp\www\videotreat\library\ThinkPHP\Lib\Driver\Db\DbMysql.class.php 第 55 行.
SQL: SHOW COLUMNS FROM `advertisement` [ RunTime:0.006149s ]
NOTIC: [8192] preg_replace(): The /e modifier is deprecated, use preg_replace_callback instead E:\wamp\www\videotreat\library\ThinkPHP\Lib\Core\Db.class.php 第 605 行.
SQL: SELECT `advertId`,`advertImage`,`advertURL` FROM `advertisement` WHERE ( isDel=0 )  [ RunTime:0.005357s ]
SQL: SHOW COLUMNS FROM `hospital_info` [ RunTime:0.006470s ]
NOTIC: [8192] preg_replace(): The /e modifier is deprecated, use preg_replace_callback instead E:\wamp\www\videotreat\library\ThinkPHP\Lib\Core\Db.class.php 第 605 行.
SQL: SELECT COUNT(*) AS tp_count FROM `hospital_info` LIMIT 1   [ RunTime:0.005033s ]
SQL: SHOW COLUMNS FROM `hospital_info` [ RunTime:0.009799s ]
NOTIC: [8192] preg_replace(): The /e modifier is deprecated, use preg_replace_callback instead E:\wamp\www\videotreat\library\ThinkPHP\Lib\Core\Db.class.php 第 605 行.
SQL: SELECT `hospitalId`,`hospitalName`,`hospitalLogo`,`doctorNumber`,`labelArray` FROM `hospital_info` WHERE ( isDel=0 )  [ RunTime:0.005352s ]

[ 2016-10-18T18:24:01+08:00 ] 192.168.1.91 /videotreat/Interface/TreatRecordGet/index
INFO: [ route_check ] --START--
INFO: CheckRoute Behavior ::run [ RunTime:0.001305s ]
INFO: [ route_check ] --END-- [ RunTime:0.001597s ]
NOTIC: [8192] preg_replace(): The /e modifier is deprecated, use preg_replace_callback instead E:\wamp\www\videotreat\library\ThinkPHP\Lib\Core\Dispatcher.class.php 第 132 行.
INFO: [ app_begin ] --START--
INFO: ReadHtmlCache Behavior ::run [ RunTime:0.000738s ]
INFO: [ app_begin ] --END-- [ RunTime:0.000898s ]
NOTIC: [8] Undefined index: userId E:\wamp\www\videotreat\App\Home\Lib\Action\Interface\TreatRecordGetAction.class.php 第 38 行.
NOTIC: [8] Undefined index: client E:\wamp\www\videotreat\App\Home\Lib\Action\Interface\TreatRecordGetAction.class.php 第 39 行.
NOTIC: [8] Undefined index: treatRecordId E:\wamp\www\videotreat\App\Home\Lib\Action\Interface\TreatRecordGetAction.class.php 第 40 行.
NOTIC: [8192] mysql_connect(): The mysql extension is deprecated and will be removed in the future: use mysqli or PDO instead E:\wamp\www\videotreat\library\ThinkPHP\Lib\Driver\Db\DbMysql.class.php 第 55 行.
SQL: SHOW COLUMNS FROM `treat_record` [ RunTime:0.007023s ]
NOTIC: [8192] preg_replace(): The /e modifier is deprecated, use preg_replace_callback instead E:\wamp\www\videotreat\library\ThinkPHP\Lib\Core\Db.class.php 第 605 行.
SQL: SELECT `treatRecordId`,doctor.doctorId,base.userName,doctor.doctorName,`userComplaint`,`userHPC`,`userPMH`,`doctorSuggest`,`treatTime`,`reportCardRemark`,`reportCardDescribe`,`reportCardImage` FROM `treat_record` LEFT JOIN user_base_info as base on treat_record.userId=base.userId LEFT JOIN doctor_info as doctor on treat_record.doctorId=doctor.doctorId WHERE ( treat_record.userId= and treatRecordId= ) LIMIT 1   [ RunTime:0.006470s ]
ERR: 1064:You have an error in your SQL syntax; check the manual that corresponds to your MariaDB server version for the right syntax to use near 'and treatRecordId= ) LIMIT 1' at line 1
 [ SQL语句 ] : SELECT `treatRecordId`,doctor.doctorId,base.userName,doctor.doctorName,`userComplaint`,`userHPC`,`userPMH`,`doctorSuggest`,`treatTime`,`reportCardRemark`,`reportCardDescribe`,`reportCardImage` FROM `treat_record` LEFT JOIN user_base_info as base on treat_record.userId=base.userId LEFT JOIN doctor_info as doctor on treat_record.doctorId=doctor.doctorId WHERE ( treat_record.userId= and treatRecordId= ) LIMIT 1  

